[0.073s] Invoking command in '/home/lamps-xe11/ros2_ws/build/two_camera': CMAKE_PREFIX_PATH=/opt/ros/humble /usr/bin/cmake /home/lamps-xe11/ros2_ws/src/two_camera -DCMAKE_INSTALL_PREFIX=/home/lamps-xe11/ros2_ws/install/two_camera
[1.231s] -- The C compiler identification is GNU 11.4.0
[2.043s] -- The CXX compiler identification is GNU 11.4.0
[2.104s] -- Detecting C compiler ABI info
[2.568s] -- Detecting C compiler ABI info - done
[2.598s] -- Check for working C compiler: /usr/bin/cc - skipped
[2.606s] -- Detecting C compile features
[2.609s] -- Detecting C compile features - done
[2.784s] -- Detecting CXX compiler ABI info
[3.222s] -- Detecting CXX compiler ABI info - done
[3.254s] -- Check for working CXX compiler: /usr/bin/c++ - skipped
[3.256s] -- Detecting CXX compile features
[3.258s] -- Detecting CXX compile features - done
[3.358s] -- Found ament_cmake: 1.3.10 (/opt/ros/humble/share/ament_cmake/cmake)
[4.359s] -- Found Python3: /usr/bin/python3 (found version "3.10.12") found components: Interpreter 
[5.275s] -- Found rclcpp: 16.0.10 (/opt/ros/humble/share/rclcpp/cmake)
[5.896s] -- Found rosidl_generator_c: 3.1.5 (/opt/ros/humble/share/rosidl_generator_c/cmake)
[5.980s] -- Found rosidl_adapter: 3.1.5 (/opt/ros/humble/share/rosidl_adapter/cmake)
[6.089s] -- Found rosidl_generator_cpp: 3.1.5 (/opt/ros/humble/share/rosidl_generator_cpp/cmake)
[6.245s] -- Using all available rosidl_typesupport_c: rosidl_typesupport_fastrtps_c;rosidl_typesupport_introspection_c
[6.443s] -- Using all available rosidl_typesupport_cpp: rosidl_typesupport_fastrtps_cpp;rosidl_typesupport_introspection_cpp
[7.004s] -- Found rmw_implementation_cmake: 6.1.2 (/opt/ros/humble/share/rmw_implementation_cmake/cmake)
[7.069s] -- Found rmw_fastrtps_cpp: 6.2.7 (/opt/ros/humble/share/rmw_fastrtps_cpp/cmake)
[7.906s] -- Found OpenSSL: /usr/lib/aarch64-linux-gnu/libcrypto.so (found version "3.0.2")  
[8.212s] -- Found FastRTPS: /opt/ros/humble/include  
[8.705s] -- Using RMW implementation 'rmw_fastrtps_cpp' as default
[8.835s] -- Looking for pthread.h
[9.266s] -- Looking for pthread.h - found
[9.269s] -- Performing Test CMAKE_HAVE_LIBC_PTHREAD
[9.669s] -- Performing Test CMAKE_HAVE_LIBC_PTHREAD - Success
[9.674s] -- Found Threads: TRUE  
[10.165s] -- Found sensor_msgs: 4.2.4 (/opt/ros/humble/share/sensor_msgs/cmake)
[10.474s] -- Found OpenCV: /usr (found version "4.5.4") 
[10.491s] -- Found PkgConfig: /usr/bin/pkg-config (found version "0.29.2") 
[10.495s] -- Checking for module 'gtk+-3.0'
[10.507s] --   No package 'gtk+-3.0' found
[10.507s] [31mCMake Error at /usr/share/cmake-3.22/Modules/FindPkgConfig.cmake:603 (message):
[10.508s]   A required package was not found
[10.508s] Call Stack (most recent call first):
[10.509s]   /usr/share/cmake-3.22/Modules/FindPkgConfig.cmake:825 (_pkg_check_modules_internal)
[10.509s]   CMakeLists.txt:15 (pkg_check_modules)
[10.510s] 
[10.510s] [0m
[10.510s] -- Configuring incomplete, errors occurred!
[10.511s] See also "/home/lamps-xe11/ros2_ws/build/two_camera/CMakeFiles/CMakeOutput.log".
[10.555s] Invoked command in '/home/lamps-xe11/ros2_ws/build/two_camera' returned '1': CMAKE_PREFIX_PATH=/opt/ros/humble /usr/bin/cmake /home/lamps-xe11/ros2_ws/src/two_camera -DCMAKE_INSTALL_PREFIX=/home/lamps-xe11/ros2_ws/install/two_camera
