[0.076s] Invoking command in '/home/lamps-xe11/ros2_ws/build/two_camera': CMAKE_PREFIX_PATH=${CMAKE_PREFIX_PATH}:/opt/ros/humble /usr/bin/cmake --build /home/lamps-xe11/ros2_ws/build/two_camera -- -j4 -l4
[0.488s] [ 25%] Built target appsink1
[0.512s] [ 62%] Built target appsink4
[0.515s] [ 75%] Built target appsink2
[0.541s] [100%] Built target appsink3
[0.589s] Invoked command in '/home/lamps-xe11/ros2_ws/build/two_camera' returned '0': CMAKE_PREFIX_PATH=${CMAKE_PREFIX_PATH}:/opt/ros/humble /usr/bin/cmake --build /home/lamps-xe11/ros2_ws/build/two_camera -- -j4 -l4
[0.833s] Invoking command in '/home/lamps-xe11/ros2_ws/build/two_camera': CMAKE_PREFIX_PATH=${CMAKE_PREFIX_PATH}:/opt/ros/humble /usr/bin/cmake --install /home/lamps-xe11/ros2_ws/build/two_camera
[0.865s] -- Install configuration: ""
[0.867s] -- Up-to-date: /home/lamps-xe11/ros2_ws/install/two_camera/lib/two_camera/appsink1
[0.869s] -- Up-to-date: /home/lamps-xe11/ros2_ws/install/two_camera/lib/two_camera/appsink2
[0.872s] -- Up-to-date: /home/lamps-xe11/ros2_ws/install/two_camera/lib/two_camera/appsink3
[0.875s] -- Up-to-date: /home/lamps-xe11/ros2_ws/install/two_camera/lib/two_camera/appsink4
[0.877s] -- Up-to-date: /home/lamps-xe11/ros2_ws/install/two_camera/share/two_camera//launch
[0.878s] -- Up-to-date: /home/lamps-xe11/ros2_ws/install/two_camera/share/ament_index/resource_index/package_run_dependencies/two_camera
[0.878s] -- Up-to-date: /home/lamps-xe11/ros2_ws/install/two_camera/share/ament_index/resource_index/parent_prefix_path/two_camera
[0.884s] -- Up-to-date: /home/lamps-xe11/ros2_ws/install/two_camera/share/two_camera/environment/ament_prefix_path.sh
[0.885s] -- Up-to-date: /home/lamps-xe11/ros2_ws/install/two_camera/share/two_camera/environment/ament_prefix_path.dsv
[0.886s] -- Up-to-date: /home/lamps-xe11/ros2_ws/install/two_camera/share/two_camera/environment/path.sh
[0.887s] -- Up-to-date: /home/lamps-xe11/ros2_ws/install/two_camera/share/two_camera/environment/path.dsv
[0.887s] -- Up-to-date: /home/lamps-xe11/ros2_ws/install/two_camera/share/two_camera/local_setup.bash
[0.888s] -- Up-to-date: /home/lamps-xe11/ros2_ws/install/two_camera/share/two_camera/local_setup.sh
[0.888s] -- Up-to-date: /home/lamps-xe11/ros2_ws/install/two_camera/share/two_camera/local_setup.zsh
[0.889s] -- Up-to-date: /home/lamps-xe11/ros2_ws/install/two_camera/share/two_camera/local_setup.dsv
[0.889s] -- Installing: /home/lamps-xe11/ros2_ws/install/two_camera/share/two_camera/package.dsv
[0.889s] -- Up-to-date: /home/lamps-xe11/ros2_ws/install/two_camera/share/ament_index/resource_index/packages/two_camera
[0.890s] -- Up-to-date: /home/lamps-xe11/ros2_ws/install/two_camera/share/two_camera/cmake/two_cameraConfig.cmake
[0.890s] -- Up-to-date: /home/lamps-xe11/ros2_ws/install/two_camera/share/two_camera/cmake/two_cameraConfig-version.cmake
[0.891s] -- Up-to-date: /home/lamps-xe11/ros2_ws/install/two_camera/share/two_camera/package.xml
[0.898s] Invoked command in '/home/lamps-xe11/ros2_ws/build/two_camera' returned '0': CMAKE_PREFIX_PATH=${CMAKE_PREFIX_PATH}:/opt/ros/humble /usr/bin/cmake --install /home/lamps-xe11/ros2_ws/build/two_camera
