[0.526s] DEBUG:colcon:Command line arguments: ['/usr/bin/colcon', 'build']
[0.527s] DEBUG:colcon:Parsed command line arguments: Namespace(log_base=None, log_level=None, verb_name='build', build_base='build', install_base='install', merge_install=False, symlink_install=False, test_result_base=None, continue_on_error=False, executor='parallel', parallel_workers=4, event_handlers=None, ignore_user_meta=False, metas=['./colcon.meta'], base_paths=['.'], packages_ignore=None, packages_ignore_regex=None, paths=None, packages_up_to=None, packages_up_to_regex=None, packages_above=None, packages_above_and_dependencies=None, packages_above_depth=None, packages_select_by_dep=None, packages_skip_by_dep=None, packages_skip_up_to=None, packages_select_build_failed=False, packages_skip_build_finished=False, packages_select_test_failures=False, packages_skip_test_passed=False, packages_select=None, packages_skip=None, packages_select_regex=None, packages_skip_regex=None, packages_start=None, packages_end=None, allow_overriding=[], cmake_args=None, cmake_target=None, cmake_target_skip_unavailable=False, cmake_clean_cache=False, cmake_clean_first=False, cmake_force_configure=False, ament_cmake_args=None, catkin_cmake_args=None, catkin_skip_building_tests=False, verb_parser=<colcon_defaults.argument_parser.defaults.DefaultArgumentsDecorator object at 0xffff8e577a00>, verb_extension=<colcon_core.verb.build.BuildVerb object at 0xffff8e6f8670>, main=<bound method BuildVerb.main of <colcon_core.verb.build.BuildVerb object at 0xffff8e6f8670>>)
[1.422s] Level 1:colcon.colcon_core.package_discovery:discover_packages(colcon_meta) check parameters
[1.423s] Level 1:colcon.colcon_core.package_discovery:discover_packages(recursive) check parameters
[1.423s] Level 1:colcon.colcon_core.package_discovery:discover_packages(ignore) check parameters
[1.423s] Level 1:colcon.colcon_core.package_discovery:discover_packages(path) check parameters
[1.423s] Level 1:colcon.colcon_core.package_discovery:discover_packages(colcon_meta) discover
[1.424s] Level 1:colcon.colcon_core.package_discovery:discover_packages(recursive) discover
[1.424s] INFO:colcon.colcon_core.package_discovery:Crawling recursively for packages in '/home/lamps-xe11/ros2_ws'
[1.424s] Level 1:colcon.colcon_core.package_identification:_identify(.) by extensions ['ignore', 'ignore_ament_install']
[1.425s] Level 1:colcon.colcon_core.package_identification:_identify(.) by extension 'ignore'
[1.425s] Level 1:colcon.colcon_core.package_identification:_identify(.) by extension 'ignore_ament_install'
[1.426s] Level 1:colcon.colcon_core.package_identification:_identify(.) by extensions ['colcon_pkg']
[1.426s] Level 1:colcon.colcon_core.package_identification:_identify(.) by extension 'colcon_pkg'
[1.426s] Level 1:colcon.colcon_core.package_identification:_identify(.) by extensions ['colcon_meta']
[1.426s] Level 1:colcon.colcon_core.package_identification:_identify(.) by extension 'colcon_meta'
[1.426s] Level 1:colcon.colcon_core.package_identification:_identify(.) by extensions ['ros']
[1.426s] Level 1:colcon.colcon_core.package_identification:_identify(.) by extension 'ros'
[1.483s] Level 1:colcon.colcon_core.package_identification:_identify(.) by extensions ['cmake', 'python']
[1.484s] Level 1:colcon.colcon_core.package_identification:_identify(.) by extension 'cmake'
[1.484s] Level 1:colcon.colcon_core.package_identification:_identify(.) by extension 'python'
[1.484s] Level 1:colcon.colcon_core.package_identification:_identify(.) by extensions ['python_setup_py']
[1.484s] Level 1:colcon.colcon_core.package_identification:_identify(.) by extension 'python_setup_py'
[1.485s] Level 1:colcon.colcon_core.package_identification:_identify(build) by extensions ['ignore', 'ignore_ament_install']
[1.485s] Level 1:colcon.colcon_core.package_identification:_identify(build) by extension 'ignore'
[1.486s] Level 1:colcon.colcon_core.package_identification:_identify(build) ignored
[1.486s] Level 1:colcon.colcon_core.package_identification:_identify(image) by extensions ['ignore', 'ignore_ament_install']
[1.487s] Level 1:colcon.colcon_core.package_identification:_identify(image) by extension 'ignore'
[1.487s] Level 1:colcon.colcon_core.package_identification:_identify(image) by extension 'ignore_ament_install'
[1.487s] Level 1:colcon.colcon_core.package_identification:_identify(image) by extensions ['colcon_pkg']
[1.488s] Level 1:colcon.colcon_core.package_identification:_identify(image) by extension 'colcon_pkg'
[1.488s] Level 1:colcon.colcon_core.package_identification:_identify(image) by extensions ['colcon_meta']
[1.488s] Level 1:colcon.colcon_core.package_identification:_identify(image) by extension 'colcon_meta'
[1.488s] Level 1:colcon.colcon_core.package_identification:_identify(image) by extensions ['ros']
[1.488s] Level 1:colcon.colcon_core.package_identification:_identify(image) by extension 'ros'
[1.489s] Level 1:colcon.colcon_core.package_identification:_identify(image) by extensions ['cmake', 'python']
[1.489s] Level 1:colcon.colcon_core.package_identification:_identify(image) by extension 'cmake'
[1.489s] Level 1:colcon.colcon_core.package_identification:_identify(image) by extension 'python'
[1.489s] Level 1:colcon.colcon_core.package_identification:_identify(image) by extensions ['python_setup_py']
[1.489s] Level 1:colcon.colcon_core.package_identification:_identify(image) by extension 'python_setup_py'
[1.490s] Level 1:colcon.colcon_core.package_identification:_identify(install) by extensions ['ignore', 'ignore_ament_install']
[1.491s] Level 1:colcon.colcon_core.package_identification:_identify(install) by extension 'ignore'
[1.491s] Level 1:colcon.colcon_core.package_identification:_identify(install) ignored
[1.491s] Level 1:colcon.colcon_core.package_identification:_identify(log) by extensions ['ignore', 'ignore_ament_install']
[1.492s] Level 1:colcon.colcon_core.package_identification:_identify(log) by extension 'ignore'
[1.492s] Level 1:colcon.colcon_core.package_identification:_identify(log) ignored
[1.493s] Level 1:colcon.colcon_core.package_identification:_identify(src) by extensions ['ignore', 'ignore_ament_install']
[1.493s] Level 1:colcon.colcon_core.package_identification:_identify(src) by extension 'ignore'
[1.493s] Level 1:colcon.colcon_core.package_identification:_identify(src) by extension 'ignore_ament_install'
[1.494s] Level 1:colcon.colcon_core.package_identification:_identify(src) by extensions ['colcon_pkg']
[1.494s] Level 1:colcon.colcon_core.package_identification:_identify(src) by extension 'colcon_pkg'
[1.494s] Level 1:colcon.colcon_core.package_identification:_identify(src) by extensions ['colcon_meta']
[1.494s] Level 1:colcon.colcon_core.package_identification:_identify(src) by extension 'colcon_meta'
[1.494s] Level 1:colcon.colcon_core.package_identification:_identify(src) by extensions ['ros']
[1.494s] Level 1:colcon.colcon_core.package_identification:_identify(src) by extension 'ros'
[1.495s] Level 1:colcon.colcon_core.package_identification:_identify(src) by extensions ['cmake', 'python']
[1.495s] Level 1:colcon.colcon_core.package_identification:_identify(src) by extension 'cmake'
[1.495s] Level 1:colcon.colcon_core.package_identification:_identify(src) by extension 'python'
[1.495s] Level 1:colcon.colcon_core.package_identification:_identify(src) by extensions ['python_setup_py']
[1.496s] Level 1:colcon.colcon_core.package_identification:_identify(src) by extension 'python_setup_py'
[1.496s] Level 1:colcon.colcon_core.package_identification:_identify(src/sub_synch) by extensions ['ignore', 'ignore_ament_install']
[1.497s] Level 1:colcon.colcon_core.package_identification:_identify(src/sub_synch) by extension 'ignore'
[1.497s] Level 1:colcon.colcon_core.package_identification:_identify(src/sub_synch) by extension 'ignore_ament_install'
[1.497s] Level 1:colcon.colcon_core.package_identification:_identify(src/sub_synch) by extensions ['colcon_pkg']
[1.497s] Level 1:colcon.colcon_core.package_identification:_identify(src/sub_synch) by extension 'colcon_pkg'
[1.498s] Level 1:colcon.colcon_core.package_identification:_identify(src/sub_synch) by extensions ['colcon_meta']
[1.498s] Level 1:colcon.colcon_core.package_identification:_identify(src/sub_synch) by extension 'colcon_meta'
[1.498s] Level 1:colcon.colcon_core.package_identification:_identify(src/sub_synch) by extensions ['ros']
[1.498s] Level 1:colcon.colcon_core.package_identification:_identify(src/sub_synch) by extension 'ros'
[1.509s] DEBUG:colcon.colcon_core.package_identification:Package 'src/sub_synch' with type 'ros.ament_cmake' and name 'sub_synch'
[1.509s] Level 1:colcon.colcon_core.package_identification:_identify(src/two_camera) by extensions ['ignore', 'ignore_ament_install']
[1.510s] Level 1:colcon.colcon_core.package_identification:_identify(src/two_camera) by extension 'ignore'
[1.510s] Level 1:colcon.colcon_core.package_identification:_identify(src/two_camera) by extension 'ignore_ament_install'
[1.511s] Level 1:colcon.colcon_core.package_identification:_identify(src/two_camera) by extensions ['colcon_pkg']
[1.511s] Level 1:colcon.colcon_core.package_identification:_identify(src/two_camera) by extension 'colcon_pkg'
[1.511s] Level 1:colcon.colcon_core.package_identification:_identify(src/two_camera) by extensions ['colcon_meta']
[1.511s] Level 1:colcon.colcon_core.package_identification:_identify(src/two_camera) by extension 'colcon_meta'
[1.511s] Level 1:colcon.colcon_core.package_identification:_identify(src/two_camera) by extensions ['ros']
[1.511s] Level 1:colcon.colcon_core.package_identification:_identify(src/two_camera) by extension 'ros'
[1.514s] DEBUG:colcon.colcon_core.package_identification:Package 'src/two_camera' with type 'ros.ament_cmake' and name 'two_camera'
[1.515s] Level 1:colcon.colcon_core.package_discovery:discover_packages(recursive) using defaults
[1.515s] Level 1:colcon.colcon_core.package_discovery:discover_packages(ignore) discover
[1.515s] Level 1:colcon.colcon_core.package_discovery:discover_packages(ignore) using defaults
[1.516s] Level 1:colcon.colcon_core.package_discovery:discover_packages(path) discover
[1.516s] Level 1:colcon.colcon_core.package_discovery:discover_packages(path) using defaults
[1.602s] Level 1:colcon.colcon_core.package_discovery:discover_packages(prefix_path) check parameters
[1.602s] Level 1:colcon.colcon_core.package_discovery:discover_packages(prefix_path) discover
[1.619s] DEBUG:colcon.colcon_installed_package_information.package_discovery:Found 270 installed packages in /opt/ros/humble
[1.626s] Level 1:colcon.colcon_core.package_discovery:discover_packages(prefix_path) using defaults
[1.870s] Level 5:colcon.colcon_core.verb:set package 'sub_synch' build argument 'cmake_args' from command line to 'None'
[1.870s] Level 5:colcon.colcon_core.verb:set package 'sub_synch' build argument 'cmake_target' from command line to 'None'
[1.871s] Level 5:colcon.colcon_core.verb:set package 'sub_synch' build argument 'cmake_target_skip_unavailable' from command line to 'False'
[1.871s] Level 5:colcon.colcon_core.verb:set package 'sub_synch' build argument 'cmake_clean_cache' from command line to 'False'
[1.871s] Level 5:colcon.colcon_core.verb:set package 'sub_synch' build argument 'cmake_clean_first' from command line to 'False'
[1.871s] Level 5:colcon.colcon_core.verb:set package 'sub_synch' build argument 'cmake_force_configure' from command line to 'False'
[1.871s] Level 5:colcon.colcon_core.verb:set package 'sub_synch' build argument 'ament_cmake_args' from command line to 'None'
[1.871s] Level 5:colcon.colcon_core.verb:set package 'sub_synch' build argument 'catkin_cmake_args' from command line to 'None'
[1.871s] Level 5:colcon.colcon_core.verb:set package 'sub_synch' build argument 'catkin_skip_building_tests' from command line to 'False'
[1.871s] DEBUG:colcon.colcon_core.verb:Building package 'sub_synch' with the following arguments: {'ament_cmake_args': None, 'build_base': '/home/lamps-xe11/ros2_ws/build/sub_synch', 'catkin_cmake_args': None, 'catkin_skip_building_tests': False, 'cmake_args': None, 'cmake_clean_cache': False, 'cmake_clean_first': False, 'cmake_force_configure': False, 'cmake_target': None, 'cmake_target_skip_unavailable': False, 'install_base': '/home/lamps-xe11/ros2_ws/install/sub_synch', 'merge_install': False, 'path': '/home/lamps-xe11/ros2_ws/src/sub_synch', 'symlink_install': False, 'test_result_base': None}
[1.873s] Level 5:colcon.colcon_core.verb:set package 'two_camera' build argument 'cmake_args' from command line to 'None'
[1.874s] Level 5:colcon.colcon_core.verb:set package 'two_camera' build argument 'cmake_target' from command line to 'None'
[1.874s] Level 5:colcon.colcon_core.verb:set package 'two_camera' build argument 'cmake_target_skip_unavailable' from command line to 'False'
[1.874s] Level 5:colcon.colcon_core.verb:set package 'two_camera' build argument 'cmake_clean_cache' from command line to 'False'
[1.874s] Level 5:colcon.colcon_core.verb:set package 'two_camera' build argument 'cmake_clean_first' from command line to 'False'
[1.874s] Level 5:colcon.colcon_core.verb:set package 'two_camera' build argument 'cmake_force_configure' from command line to 'False'
[1.874s] Level 5:colcon.colcon_core.verb:set package 'two_camera' build argument 'ament_cmake_args' from command line to 'None'
[1.874s] Level 5:colcon.colcon_core.verb:set package 'two_camera' build argument 'catkin_cmake_args' from command line to 'None'
[1.874s] Level 5:colcon.colcon_core.verb:set package 'two_camera' build argument 'catkin_skip_building_tests' from command line to 'False'
[1.875s] DEBUG:colcon.colcon_core.verb:Building package 'two_camera' with the following arguments: {'ament_cmake_args': None, 'build_base': '/home/lamps-xe11/ros2_ws/build/two_camera', 'catkin_cmake_args': None, 'catkin_skip_building_tests': False, 'cmake_args': None, 'cmake_clean_cache': False, 'cmake_clean_first': False, 'cmake_force_configure': False, 'cmake_target': None, 'cmake_target_skip_unavailable': False, 'install_base': '/home/lamps-xe11/ros2_ws/install/two_camera', 'merge_install': False, 'path': '/home/lamps-xe11/ros2_ws/src/two_camera', 'symlink_install': False, 'test_result_base': None}
[1.875s] INFO:colcon.colcon_core.executor:Executing jobs using 'parallel' executor
[1.879s] DEBUG:colcon.colcon_parallel_executor.executor.parallel:run_until_complete
[1.881s] INFO:colcon.colcon_ros.task.ament_cmake.build:Building ROS package in '/home/lamps-xe11/ros2_ws/src/sub_synch' with build type 'ament_cmake'
[1.881s] INFO:colcon.colcon_cmake.task.cmake.build:Building CMake package in '/home/lamps-xe11/ros2_ws/src/sub_synch'
[1.892s] INFO:colcon.colcon_core.plugin_system:Skipping extension 'colcon_core.shell.bat': Not used on non-Windows systems
[1.893s] INFO:colcon.colcon_core.shell:Skip shell extension 'powershell' for command environment: Not usable outside of PowerShell
[1.894s] DEBUG:colcon.colcon_core.shell:Skip shell extension 'dsv' for command environment
[1.912s] INFO:colcon.colcon_ros.task.ament_cmake.build:Building ROS package in '/home/lamps-xe11/ros2_ws/src/two_camera' with build type 'ament_cmake'
[1.912s] INFO:colcon.colcon_cmake.task.cmake.build:Building CMake package in '/home/lamps-xe11/ros2_ws/src/two_camera'
[1.914s] INFO:colcon.colcon_core.shell:Skip shell extension 'powershell' for command environment: Not usable outside of PowerShell
[1.914s] DEBUG:colcon.colcon_core.shell:Skip shell extension 'dsv' for command environment
[1.955s] DEBUG:colcon.colcon_core.event_handler.log_command:Invoking command in '/home/lamps-xe11/ros2_ws/build/sub_synch': CMAKE_PREFIX_PATH=/opt/ros/humble /usr/bin/cmake --build /home/lamps-xe11/ros2_ws/build/sub_synch -- -j4 -l4
[1.985s] DEBUG:colcon.colcon_core.event_handler.log_command:Invoking command in '/home/lamps-xe11/ros2_ws/build/two_camera': CMAKE_PREFIX_PATH=/opt/ros/humble /usr/bin/cmake /home/lamps-xe11/ros2_ws/src/two_camera -DCMAKE_INSTALL_PREFIX=/home/lamps-xe11/ros2_ws/install/two_camera
[4.819s] DEBUG:colcon.colcon_core.event_handler.log_command:Invoked command in '/home/lamps-xe11/ros2_ws/build/two_camera' returned '1': CMAKE_PREFIX_PATH=/opt/ros/humble /usr/bin/cmake /home/lamps-xe11/ros2_ws/src/two_camera -DCMAKE_INSTALL_PREFIX=/home/lamps-xe11/ros2_ws/install/two_camera
[4.872s] Level 1:colcon.colcon_core.environment:create_environment_scripts_only(two_camera)
[4.886s] Level 1:colcon.colcon_core.environment:checking '/home/lamps-xe11/ros2_ws/install/two_camera' for CMake module files
[4.890s] Level 1:colcon.colcon_core.environment:checking '/home/lamps-xe11/ros2_ws/install/two_camera' for CMake config files
[4.893s] Level 1:colcon.colcon_core.shell:create_environment_hook('two_camera', 'cmake_prefix_path')
[4.894s] INFO:colcon.colcon_core.shell:Creating environment hook '/home/lamps-xe11/ros2_ws/install/two_camera/share/two_camera/hook/cmake_prefix_path.ps1'
[4.898s] INFO:colcon.colcon_core.shell:Creating environment descriptor '/home/lamps-xe11/ros2_ws/install/two_camera/share/two_camera/hook/cmake_prefix_path.dsv'
[4.901s] INFO:colcon.colcon_core.shell:Creating environment hook '/home/lamps-xe11/ros2_ws/install/two_camera/share/two_camera/hook/cmake_prefix_path.sh'
[4.906s] Level 1:colcon.colcon_core.environment:checking '/home/lamps-xe11/ros2_ws/install/two_camera/lib'
[4.907s] Level 1:colcon.colcon_core.environment:checking '/home/lamps-xe11/ros2_ws/install/two_camera/bin'
[4.907s] Level 1:colcon.colcon_core.environment:checking '/home/lamps-xe11/ros2_ws/install/two_camera/lib/pkgconfig/two_camera.pc'
[4.908s] Level 1:colcon.colcon_core.environment:checking '/home/lamps-xe11/ros2_ws/install/two_camera/lib/python3.10/site-packages'
[4.910s] Level 1:colcon.colcon_core.environment:checking '/home/lamps-xe11/ros2_ws/install/two_camera/bin'
[4.912s] INFO:colcon.colcon_core.shell:Creating package script '/home/lamps-xe11/ros2_ws/install/two_camera/share/two_camera/package.ps1'
[4.916s] INFO:colcon.colcon_core.shell:Creating package descriptor '/home/lamps-xe11/ros2_ws/install/two_camera/share/two_camera/package.dsv'
[4.920s] INFO:colcon.colcon_core.shell:Creating package script '/home/lamps-xe11/ros2_ws/install/two_camera/share/two_camera/package.sh'
[4.924s] INFO:colcon.colcon_core.shell:Creating package script '/home/lamps-xe11/ros2_ws/install/two_camera/share/two_camera/package.bash'
[4.928s] INFO:colcon.colcon_core.shell:Creating package script '/home/lamps-xe11/ros2_ws/install/two_camera/share/two_camera/package.zsh'
[4.932s] Level 1:colcon.colcon_core.environment:create_file_with_runtime_dependencies(/home/lamps-xe11/ros2_ws/install/two_camera/share/colcon-core/packages/two_camera)
[63.767s] DEBUG:colcon.colcon_parallel_executor.executor.parallel:closing loop
[63.769s] DEBUG:colcon.colcon_parallel_executor.executor.parallel:loop closed
[63.770s] DEBUG:colcon.colcon_parallel_executor.executor.parallel:run_until_complete finished with '1'
[63.771s] DEBUG:colcon.colcon_core.event_reactor:joining thread
[63.801s] INFO:colcon.colcon_core.plugin_system:Skipping extension 'colcon_notification.desktop_notification.terminal_notifier': Not used on non-Darwin systems
[63.801s] INFO:colcon.colcon_core.plugin_system:Skipping extension 'colcon_notification.desktop_notification.win32': Not used on non-Windows systems
[63.802s] INFO:colcon.colcon_notification.desktop_notification:Sending desktop notification using 'notify2'
[63.849s] DEBUG:colcon.colcon_core.event_reactor:joined thread
[63.851s] INFO:colcon.colcon_core.shell:Creating prefix script '/home/lamps-xe11/ros2_ws/install/local_setup.ps1'
[63.856s] INFO:colcon.colcon_core.shell:Creating prefix util module '/home/lamps-xe11/ros2_ws/install/_local_setup_util_ps1.py'
[63.863s] INFO:colcon.colcon_core.shell:Creating prefix chain script '/home/lamps-xe11/ros2_ws/install/setup.ps1'
[63.868s] INFO:colcon.colcon_core.shell:Creating prefix script '/home/lamps-xe11/ros2_ws/install/local_setup.sh'
[63.872s] INFO:colcon.colcon_core.shell:Creating prefix util module '/home/lamps-xe11/ros2_ws/install/_local_setup_util_sh.py'
[63.875s] INFO:colcon.colcon_core.shell:Creating prefix chain script '/home/lamps-xe11/ros2_ws/install/setup.sh'
[63.881s] INFO:colcon.colcon_core.shell:Creating prefix script '/home/lamps-xe11/ros2_ws/install/local_setup.bash'
[63.883s] INFO:colcon.colcon_core.shell:Creating prefix chain script '/home/lamps-xe11/ros2_ws/install/setup.bash'
[63.888s] INFO:colcon.colcon_core.shell:Creating prefix script '/home/lamps-xe11/ros2_ws/install/local_setup.zsh'
[63.891s] INFO:colcon.colcon_core.shell:Creating prefix chain script '/home/lamps-xe11/ros2_ws/install/setup.zsh'
