[0.512s] DEBUG:colcon:Command line arguments: ['/usr/bin/colcon', 'build']
[0.512s] DEBUG:colcon:Parsed command line arguments: Namespace(log_base=None, log_level=None, verb_name='build', build_base='build', install_base='install', merge_install=False, symlink_install=False, test_result_base=None, continue_on_error=False, executor='parallel', parallel_workers=4, event_handlers=None, ignore_user_meta=False, metas=['./colcon.meta'], base_paths=['.'], packages_ignore=None, packages_ignore_regex=None, paths=None, packages_up_to=None, packages_up_to_regex=None, packages_above=None, packages_above_and_dependencies=None, packages_above_depth=None, packages_select_by_dep=None, packages_skip_by_dep=None, packages_skip_up_to=None, packages_select_build_failed=False, packages_skip_build_finished=False, packages_select_test_failures=False, packages_skip_test_passed=False, packages_select=None, packages_skip=None, packages_select_regex=None, packages_skip_regex=None, packages_start=None, packages_end=None, allow_overriding=[], cmake_args=None, cmake_target=None, cmake_target_skip_unavailable=False, cmake_clean_cache=False, cmake_clean_first=False, cmake_force_configure=False, ament_cmake_args=None, catkin_cmake_args=None, catkin_skip_building_tests=False, verb_parser=<colcon_defaults.argument_parser.defaults.DefaultArgumentsDecorator object at 0xffffa0ff79d0>, verb_extension=<colcon_core.verb.build.BuildVerb object at 0xffffa1178640>, main=<bound method BuildVerb.main of <colcon_core.verb.build.BuildVerb object at 0xffffa1178640>>)
[1.404s] Level 1:colcon.colcon_core.package_discovery:discover_packages(colcon_meta) check parameters
[1.405s] Level 1:colcon.colcon_core.package_discovery:discover_packages(recursive) check parameters
[1.405s] Level 1:colcon.colcon_core.package_discovery:discover_packages(ignore) check parameters
[1.405s] Level 1:colcon.colcon_core.package_discovery:discover_packages(path) check parameters
[1.405s] Level 1:colcon.colcon_core.package_discovery:discover_packages(colcon_meta) discover
[1.405s] Level 1:colcon.colcon_core.package_discovery:discover_packages(recursive) discover
[1.406s] INFO:colcon.colcon_core.package_discovery:Crawling recursively for packages in '/home/lamps-xe11/ros2_ws'
[1.406s] Level 1:colcon.colcon_core.package_identification:_identify(.) by extensions ['ignore', 'ignore_ament_install']
[1.407s] Level 1:colcon.colcon_core.package_identification:_identify(.) by extension 'ignore'
[1.407s] Level 1:colcon.colcon_core.package_identification:_identify(.) by extension 'ignore_ament_install'
[1.407s] Level 1:colcon.colcon_core.package_identification:_identify(.) by extensions ['colcon_pkg']
[1.407s] Level 1:colcon.colcon_core.package_identification:_identify(.) by extension 'colcon_pkg'
[1.408s] Level 1:colcon.colcon_core.package_identification:_identify(.) by extensions ['colcon_meta']
[1.408s] Level 1:colcon.colcon_core.package_identification:_identify(.) by extension 'colcon_meta'
[1.408s] Level 1:colcon.colcon_core.package_identification:_identify(.) by extensions ['ros']
[1.408s] Level 1:colcon.colcon_core.package_identification:_identify(.) by extension 'ros'
[1.465s] Level 1:colcon.colcon_core.package_identification:_identify(.) by extensions ['cmake', 'python']
[1.465s] Level 1:colcon.colcon_core.package_identification:_identify(.) by extension 'cmake'
[1.465s] Level 1:colcon.colcon_core.package_identification:_identify(.) by extension 'python'
[1.466s] Level 1:colcon.colcon_core.package_identification:_identify(.) by extensions ['python_setup_py']
[1.466s] Level 1:colcon.colcon_core.package_identification:_identify(.) by extension 'python_setup_py'
[1.466s] Level 1:colcon.colcon_core.package_identification:_identify(build) by extensions ['ignore', 'ignore_ament_install']
[1.467s] Level 1:colcon.colcon_core.package_identification:_identify(build) by extension 'ignore'
[1.467s] Level 1:colcon.colcon_core.package_identification:_identify(build) ignored
[1.468s] Level 1:colcon.colcon_core.package_identification:_identify(image) by extensions ['ignore', 'ignore_ament_install']
[1.468s] Level 1:colcon.colcon_core.package_identification:_identify(image) by extension 'ignore'
[1.468s] Level 1:colcon.colcon_core.package_identification:_identify(image) by extension 'ignore_ament_install'
[1.469s] Level 1:colcon.colcon_core.package_identification:_identify(image) by extensions ['colcon_pkg']
[1.469s] Level 1:colcon.colcon_core.package_identification:_identify(image) by extension 'colcon_pkg'
[1.469s] Level 1:colcon.colcon_core.package_identification:_identify(image) by extensions ['colcon_meta']
[1.469s] Level 1:colcon.colcon_core.package_identification:_identify(image) by extension 'colcon_meta'
[1.469s] Level 1:colcon.colcon_core.package_identification:_identify(image) by extensions ['ros']
[1.470s] Level 1:colcon.colcon_core.package_identification:_identify(image) by extension 'ros'
[1.470s] Level 1:colcon.colcon_core.package_identification:_identify(image) by extensions ['cmake', 'python']
[1.470s] Level 1:colcon.colcon_core.package_identification:_identify(image) by extension 'cmake'
[1.470s] Level 1:colcon.colcon_core.package_identification:_identify(image) by extension 'python'
[1.471s] Level 1:colcon.colcon_core.package_identification:_identify(image) by extensions ['python_setup_py']
[1.471s] Level 1:colcon.colcon_core.package_identification:_identify(image) by extension 'python_setup_py'
[1.471s] Level 1:colcon.colcon_core.package_identification:_identify(install) by extensions ['ignore', 'ignore_ament_install']
[1.472s] Level 1:colcon.colcon_core.package_identification:_identify(install) by extension 'ignore'
[1.472s] Level 1:colcon.colcon_core.package_identification:_identify(install) ignored
[1.473s] Level 1:colcon.colcon_core.package_identification:_identify(log) by extensions ['ignore', 'ignore_ament_install']
[1.473s] Level 1:colcon.colcon_core.package_identification:_identify(log) by extension 'ignore'
[1.473s] Level 1:colcon.colcon_core.package_identification:_identify(log) ignored
[1.474s] Level 1:colcon.colcon_core.package_identification:_identify(src) by extensions ['ignore', 'ignore_ament_install']
[1.474s] Level 1:colcon.colcon_core.package_identification:_identify(src) by extension 'ignore'
[1.475s] Level 1:colcon.colcon_core.package_identification:_identify(src) by extension 'ignore_ament_install'
[1.475s] Level 1:colcon.colcon_core.package_identification:_identify(src) by extensions ['colcon_pkg']
[1.475s] Level 1:colcon.colcon_core.package_identification:_identify(src) by extension 'colcon_pkg'
[1.475s] Level 1:colcon.colcon_core.package_identification:_identify(src) by extensions ['colcon_meta']
[1.475s] Level 1:colcon.colcon_core.package_identification:_identify(src) by extension 'colcon_meta'
[1.476s] Level 1:colcon.colcon_core.package_identification:_identify(src) by extensions ['ros']
[1.476s] Level 1:colcon.colcon_core.package_identification:_identify(src) by extension 'ros'
[1.476s] Level 1:colcon.colcon_core.package_identification:_identify(src) by extensions ['cmake', 'python']
[1.476s] Level 1:colcon.colcon_core.package_identification:_identify(src) by extension 'cmake'
[1.476s] Level 1:colcon.colcon_core.package_identification:_identify(src) by extension 'python'
[1.477s] Level 1:colcon.colcon_core.package_identification:_identify(src) by extensions ['python_setup_py']
[1.477s] Level 1:colcon.colcon_core.package_identification:_identify(src) by extension 'python_setup_py'
[1.477s] Level 1:colcon.colcon_core.package_identification:_identify(src/sub_synch) by extensions ['ignore', 'ignore_ament_install']
[1.478s] Level 1:colcon.colcon_core.package_identification:_identify(src/sub_synch) by extension 'ignore'
[1.478s] Level 1:colcon.colcon_core.package_identification:_identify(src/sub_synch) by extension 'ignore_ament_install'
[1.478s] Level 1:colcon.colcon_core.package_identification:_identify(src/sub_synch) by extensions ['colcon_pkg']
[1.479s] Level 1:colcon.colcon_core.package_identification:_identify(src/sub_synch) by extension 'colcon_pkg'
[1.479s] Level 1:colcon.colcon_core.package_identification:_identify(src/sub_synch) by extensions ['colcon_meta']
[1.479s] Level 1:colcon.colcon_core.package_identification:_identify(src/sub_synch) by extension 'colcon_meta'
[1.479s] Level 1:colcon.colcon_core.package_identification:_identify(src/sub_synch) by extensions ['ros']
[1.479s] Level 1:colcon.colcon_core.package_identification:_identify(src/sub_synch) by extension 'ros'
[1.490s] DEBUG:colcon.colcon_core.package_identification:Package 'src/sub_synch' with type 'ros.ament_cmake' and name 'sub_synch'
[1.491s] Level 1:colcon.colcon_core.package_identification:_identify(src/two_camera) by extensions ['ignore', 'ignore_ament_install']
[1.491s] Level 1:colcon.colcon_core.package_identification:_identify(src/two_camera) by extension 'ignore'
[1.492s] Level 1:colcon.colcon_core.package_identification:_identify(src/two_camera) by extension 'ignore_ament_install'
[1.492s] Level 1:colcon.colcon_core.package_identification:_identify(src/two_camera) by extensions ['colcon_pkg']
[1.492s] Level 1:colcon.colcon_core.package_identification:_identify(src/two_camera) by extension 'colcon_pkg'
[1.493s] Level 1:colcon.colcon_core.package_identification:_identify(src/two_camera) by extensions ['colcon_meta']
[1.493s] Level 1:colcon.colcon_core.package_identification:_identify(src/two_camera) by extension 'colcon_meta'
[1.493s] Level 1:colcon.colcon_core.package_identification:_identify(src/two_camera) by extensions ['ros']
[1.493s] Level 1:colcon.colcon_core.package_identification:_identify(src/two_camera) by extension 'ros'
[1.496s] DEBUG:colcon.colcon_core.package_identification:Package 'src/two_camera' with type 'ros.ament_cmake' and name 'two_camera'
[1.496s] Level 1:colcon.colcon_core.package_discovery:discover_packages(recursive) using defaults
[1.497s] Level 1:colcon.colcon_core.package_discovery:discover_packages(ignore) discover
[1.497s] Level 1:colcon.colcon_core.package_discovery:discover_packages(ignore) using defaults
[1.497s] Level 1:colcon.colcon_core.package_discovery:discover_packages(path) discover
[1.497s] Level 1:colcon.colcon_core.package_discovery:discover_packages(path) using defaults
[1.583s] Level 1:colcon.colcon_core.package_discovery:discover_packages(prefix_path) check parameters
[1.583s] Level 1:colcon.colcon_core.package_discovery:discover_packages(prefix_path) discover
[1.593s] DEBUG:colcon.colcon_installed_package_information.package_discovery:Found 2 installed packages in /home/lamps-xe11/ros2_ws/install
[1.603s] DEBUG:colcon.colcon_installed_package_information.package_discovery:Found 270 installed packages in /opt/ros/humble
[1.611s] Level 1:colcon.colcon_core.package_discovery:discover_packages(prefix_path) using defaults
[1.855s] Level 5:colcon.colcon_core.verb:set package 'sub_synch' build argument 'cmake_args' from command line to 'None'
[1.855s] Level 5:colcon.colcon_core.verb:set package 'sub_synch' build argument 'cmake_target' from command line to 'None'
[1.855s] Level 5:colcon.colcon_core.verb:set package 'sub_synch' build argument 'cmake_target_skip_unavailable' from command line to 'False'
[1.856s] Level 5:colcon.colcon_core.verb:set package 'sub_synch' build argument 'cmake_clean_cache' from command line to 'False'
[1.856s] Level 5:colcon.colcon_core.verb:set package 'sub_synch' build argument 'cmake_clean_first' from command line to 'False'
[1.856s] Level 5:colcon.colcon_core.verb:set package 'sub_synch' build argument 'cmake_force_configure' from command line to 'False'
[1.856s] Level 5:colcon.colcon_core.verb:set package 'sub_synch' build argument 'ament_cmake_args' from command line to 'None'
[1.856s] Level 5:colcon.colcon_core.verb:set package 'sub_synch' build argument 'catkin_cmake_args' from command line to 'None'
[1.856s] Level 5:colcon.colcon_core.verb:set package 'sub_synch' build argument 'catkin_skip_building_tests' from command line to 'False'
[1.856s] DEBUG:colcon.colcon_core.verb:Building package 'sub_synch' with the following arguments: {'ament_cmake_args': None, 'build_base': '/home/lamps-xe11/ros2_ws/build/sub_synch', 'catkin_cmake_args': None, 'catkin_skip_building_tests': False, 'cmake_args': None, 'cmake_clean_cache': False, 'cmake_clean_first': False, 'cmake_force_configure': False, 'cmake_target': None, 'cmake_target_skip_unavailable': False, 'install_base': '/home/lamps-xe11/ros2_ws/install/sub_synch', 'merge_install': False, 'path': '/home/lamps-xe11/ros2_ws/src/sub_synch', 'symlink_install': False, 'test_result_base': None}
[1.858s] Level 5:colcon.colcon_core.verb:set package 'two_camera' build argument 'cmake_args' from command line to 'None'
[1.858s] Level 5:colcon.colcon_core.verb:set package 'two_camera' build argument 'cmake_target' from command line to 'None'
[1.859s] Level 5:colcon.colcon_core.verb:set package 'two_camera' build argument 'cmake_target_skip_unavailable' from command line to 'False'
[1.859s] Level 5:colcon.colcon_core.verb:set package 'two_camera' build argument 'cmake_clean_cache' from command line to 'False'
[1.859s] Level 5:colcon.colcon_core.verb:set package 'two_camera' build argument 'cmake_clean_first' from command line to 'False'
[1.859s] Level 5:colcon.colcon_core.verb:set package 'two_camera' build argument 'cmake_force_configure' from command line to 'False'
[1.859s] Level 5:colcon.colcon_core.verb:set package 'two_camera' build argument 'ament_cmake_args' from command line to 'None'
[1.859s] Level 5:colcon.colcon_core.verb:set package 'two_camera' build argument 'catkin_cmake_args' from command line to 'None'
[1.859s] Level 5:colcon.colcon_core.verb:set package 'two_camera' build argument 'catkin_skip_building_tests' from command line to 'False'
[1.860s] DEBUG:colcon.colcon_core.verb:Building package 'two_camera' with the following arguments: {'ament_cmake_args': None, 'build_base': '/home/lamps-xe11/ros2_ws/build/two_camera', 'catkin_cmake_args': None, 'catkin_skip_building_tests': False, 'cmake_args': None, 'cmake_clean_cache': False, 'cmake_clean_first': False, 'cmake_force_configure': False, 'cmake_target': None, 'cmake_target_skip_unavailable': False, 'install_base': '/home/lamps-xe11/ros2_ws/install/two_camera', 'merge_install': False, 'path': '/home/lamps-xe11/ros2_ws/src/two_camera', 'symlink_install': False, 'test_result_base': None}
[1.860s] INFO:colcon.colcon_core.executor:Executing jobs using 'parallel' executor
[1.864s] DEBUG:colcon.colcon_parallel_executor.executor.parallel:run_until_complete
[1.865s] INFO:colcon.colcon_ros.task.ament_cmake.build:Building ROS package in '/home/lamps-xe11/ros2_ws/src/sub_synch' with build type 'ament_cmake'
[1.866s] INFO:colcon.colcon_cmake.task.cmake.build:Building CMake package in '/home/lamps-xe11/ros2_ws/src/sub_synch'
[1.876s] INFO:colcon.colcon_core.plugin_system:Skipping extension 'colcon_core.shell.bat': Not used on non-Windows systems
[1.877s] INFO:colcon.colcon_core.shell:Skip shell extension 'powershell' for command environment: Not usable outside of PowerShell
[1.878s] DEBUG:colcon.colcon_core.shell:Skip shell extension 'dsv' for command environment
[1.900s] INFO:colcon.colcon_ros.task.ament_cmake.build:Building ROS package in '/home/lamps-xe11/ros2_ws/src/two_camera' with build type 'ament_cmake'
[1.900s] INFO:colcon.colcon_cmake.task.cmake.build:Building CMake package in '/home/lamps-xe11/ros2_ws/src/two_camera'
[1.902s] INFO:colcon.colcon_core.shell:Skip shell extension 'powershell' for command environment: Not usable outside of PowerShell
[1.903s] DEBUG:colcon.colcon_core.shell:Skip shell extension 'dsv' for command environment
[1.950s] DEBUG:colcon.colcon_core.event_handler.log_command:Invoking command in '/home/lamps-xe11/ros2_ws/build/sub_synch': CMAKE_PREFIX_PATH=${CMAKE_PREFIX_PATH}:/opt/ros/humble /usr/bin/cmake --build /home/lamps-xe11/ros2_ws/build/sub_synch -- -j4 -l4
[1.978s] DEBUG:colcon.colcon_core.event_handler.log_command:Invoking command in '/home/lamps-xe11/ros2_ws/build/two_camera': CMAKE_PREFIX_PATH=${CMAKE_PREFIX_PATH}:/opt/ros/humble /usr/bin/cmake --build /home/lamps-xe11/ros2_ws/build/two_camera -- -j4 -l4
[2.552s] DEBUG:colcon.colcon_core.event_handler.log_command:Invoked command in '/home/lamps-xe11/ros2_ws/build/sub_synch' returned '0': CMAKE_PREFIX_PATH=${CMAKE_PREFIX_PATH}:/opt/ros/humble /usr/bin/cmake --build /home/lamps-xe11/ros2_ws/build/sub_synch -- -j4 -l4
[2.928s] DEBUG:colcon.colcon_core.event_handler.log_command:Invoking command in '/home/lamps-xe11/ros2_ws/build/sub_synch': CMAKE_PREFIX_PATH=${CMAKE_PREFIX_PATH}:/opt/ros/humble /usr/bin/cmake --install /home/lamps-xe11/ros2_ws/build/sub_synch
[3.007s] Level 1:colcon.colcon_core.environment:create_environment_scripts_only(sub_synch)
[3.011s] DEBUG:colcon.colcon_core.event_handler.log_command:Invoked command in '/home/lamps-xe11/ros2_ws/build/sub_synch' returned '0': CMAKE_PREFIX_PATH=${CMAKE_PREFIX_PATH}:/opt/ros/humble /usr/bin/cmake --install /home/lamps-xe11/ros2_ws/build/sub_synch
[3.024s] Level 1:colcon.colcon_core.environment:checking '/home/lamps-xe11/ros2_ws/install/sub_synch' for CMake module files
[3.028s] Level 1:colcon.colcon_core.environment:checking '/home/lamps-xe11/ros2_ws/install/sub_synch' for CMake config files
[3.030s] Level 1:colcon.colcon_core.shell:create_environment_hook('sub_synch', 'cmake_prefix_path')
[3.031s] INFO:colcon.colcon_core.shell:Creating environment hook '/home/lamps-xe11/ros2_ws/install/sub_synch/share/sub_synch/hook/cmake_prefix_path.ps1'
[3.034s] INFO:colcon.colcon_core.shell:Creating environment descriptor '/home/lamps-xe11/ros2_ws/install/sub_synch/share/sub_synch/hook/cmake_prefix_path.dsv'
[3.037s] INFO:colcon.colcon_core.shell:Creating environment hook '/home/lamps-xe11/ros2_ws/install/sub_synch/share/sub_synch/hook/cmake_prefix_path.sh'
[3.042s] Level 1:colcon.colcon_core.environment:checking '/home/lamps-xe11/ros2_ws/install/sub_synch/lib'
[3.045s] Level 1:colcon.colcon_core.environment:checking '/home/lamps-xe11/ros2_ws/install/sub_synch/bin'
[3.046s] Level 1:colcon.colcon_core.environment:checking '/home/lamps-xe11/ros2_ws/install/sub_synch/lib/pkgconfig/sub_synch.pc'
[3.047s] Level 1:colcon.colcon_core.environment:checking '/home/lamps-xe11/ros2_ws/install/sub_synch/lib/python3.10/site-packages'
[3.049s] Level 1:colcon.colcon_core.environment:checking '/home/lamps-xe11/ros2_ws/install/sub_synch/bin'
[3.051s] INFO:colcon.colcon_core.shell:Creating package script '/home/lamps-xe11/ros2_ws/install/sub_synch/share/sub_synch/package.ps1'
[3.057s] INFO:colcon.colcon_core.shell:Creating package descriptor '/home/lamps-xe11/ros2_ws/install/sub_synch/share/sub_synch/package.dsv'
[3.060s] INFO:colcon.colcon_core.shell:Creating package script '/home/lamps-xe11/ros2_ws/install/sub_synch/share/sub_synch/package.sh'
[3.066s] INFO:colcon.colcon_core.shell:Creating package script '/home/lamps-xe11/ros2_ws/install/sub_synch/share/sub_synch/package.bash'
[3.071s] INFO:colcon.colcon_core.shell:Creating package script '/home/lamps-xe11/ros2_ws/install/sub_synch/share/sub_synch/package.zsh'
[3.075s] Level 1:colcon.colcon_core.environment:create_file_with_runtime_dependencies(/home/lamps-xe11/ros2_ws/install/sub_synch/share/colcon-core/packages/sub_synch)
[3.224s] Level 1:colcon.colcon_core.environment:create_environment_scripts_only(sub_synch)
[3.226s] Level 1:colcon.colcon_core.environment:checking '/home/lamps-xe11/ros2_ws/install/sub_synch' for CMake module files
[3.229s] Level 1:colcon.colcon_core.environment:checking '/home/lamps-xe11/ros2_ws/install/sub_synch' for CMake config files
[3.232s] Level 1:colcon.colcon_core.shell:create_environment_hook('sub_synch', 'cmake_prefix_path')
[3.233s] INFO:colcon.colcon_core.shell:Creating environment hook '/home/lamps-xe11/ros2_ws/install/sub_synch/share/sub_synch/hook/cmake_prefix_path.ps1'
[3.235s] INFO:colcon.colcon_core.shell:Creating environment descriptor '/home/lamps-xe11/ros2_ws/install/sub_synch/share/sub_synch/hook/cmake_prefix_path.dsv'
[3.238s] INFO:colcon.colcon_core.shell:Creating environment hook '/home/lamps-xe11/ros2_ws/install/sub_synch/share/sub_synch/hook/cmake_prefix_path.sh'
[3.241s] Level 1:colcon.colcon_core.environment:checking '/home/lamps-xe11/ros2_ws/install/sub_synch/lib'
[3.242s] Level 1:colcon.colcon_core.environment:checking '/home/lamps-xe11/ros2_ws/install/sub_synch/bin'
[3.242s] Level 1:colcon.colcon_core.environment:checking '/home/lamps-xe11/ros2_ws/install/sub_synch/lib/pkgconfig/sub_synch.pc'
[3.243s] Level 1:colcon.colcon_core.environment:checking '/home/lamps-xe11/ros2_ws/install/sub_synch/lib/python3.10/site-packages'
[3.245s] Level 1:colcon.colcon_core.environment:checking '/home/lamps-xe11/ros2_ws/install/sub_synch/bin'
[3.247s] INFO:colcon.colcon_core.shell:Creating package script '/home/lamps-xe11/ros2_ws/install/sub_synch/share/sub_synch/package.ps1'
[3.250s] INFO:colcon.colcon_core.shell:Creating package descriptor '/home/lamps-xe11/ros2_ws/install/sub_synch/share/sub_synch/package.dsv'
[3.253s] INFO:colcon.colcon_core.shell:Creating package script '/home/lamps-xe11/ros2_ws/install/sub_synch/share/sub_synch/package.sh'
[3.256s] INFO:colcon.colcon_core.shell:Creating package script '/home/lamps-xe11/ros2_ws/install/sub_synch/share/sub_synch/package.bash'
[3.258s] INFO:colcon.colcon_core.shell:Creating package script '/home/lamps-xe11/ros2_ws/install/sub_synch/share/sub_synch/package.zsh'
[3.261s] Level 1:colcon.colcon_core.environment:create_file_with_runtime_dependencies(/home/lamps-xe11/ros2_ws/install/sub_synch/share/colcon-core/packages/sub_synch)
[58.845s] DEBUG:colcon.colcon_core.event_handler.log_command:Invoked command in '/home/lamps-xe11/ros2_ws/build/two_camera' returned '0': CMAKE_PREFIX_PATH=${CMAKE_PREFIX_PATH}:/opt/ros/humble /usr/bin/cmake --build /home/lamps-xe11/ros2_ws/build/two_camera -- -j4 -l4
[59.057s] DEBUG:colcon.colcon_core.event_handler.log_command:Invoking command in '/home/lamps-xe11/ros2_ws/build/two_camera': CMAKE_PREFIX_PATH=${CMAKE_PREFIX_PATH}:/opt/ros/humble /usr/bin/cmake --install /home/lamps-xe11/ros2_ws/build/two_camera
[59.147s] Level 1:colcon.colcon_core.environment:create_environment_scripts_only(two_camera)
[59.149s] Level 1:colcon.colcon_core.environment:checking '/home/lamps-xe11/ros2_ws/install/two_camera' for CMake module files
[59.150s] DEBUG:colcon.colcon_core.event_handler.log_command:Invoked command in '/home/lamps-xe11/ros2_ws/build/two_camera' returned '0': CMAKE_PREFIX_PATH=${CMAKE_PREFIX_PATH}:/opt/ros/humble /usr/bin/cmake --install /home/lamps-xe11/ros2_ws/build/two_camera
[59.153s] Level 1:colcon.colcon_core.environment:checking '/home/lamps-xe11/ros2_ws/install/two_camera' for CMake config files
[59.155s] Level 1:colcon.colcon_core.shell:create_environment_hook('two_camera', 'cmake_prefix_path')
[59.156s] INFO:colcon.colcon_core.shell:Creating environment hook '/home/lamps-xe11/ros2_ws/install/two_camera/share/two_camera/hook/cmake_prefix_path.ps1'
[59.158s] INFO:colcon.colcon_core.shell:Creating environment descriptor '/home/lamps-xe11/ros2_ws/install/two_camera/share/two_camera/hook/cmake_prefix_path.dsv'
[59.160s] INFO:colcon.colcon_core.shell:Creating environment hook '/home/lamps-xe11/ros2_ws/install/two_camera/share/two_camera/hook/cmake_prefix_path.sh'
[59.164s] Level 1:colcon.colcon_core.environment:checking '/home/lamps-xe11/ros2_ws/install/two_camera/lib'
[59.164s] Level 1:colcon.colcon_core.environment:checking '/home/lamps-xe11/ros2_ws/install/two_camera/bin'
[59.165s] Level 1:colcon.colcon_core.environment:checking '/home/lamps-xe11/ros2_ws/install/two_camera/lib/pkgconfig/two_camera.pc'
[59.166s] Level 1:colcon.colcon_core.environment:checking '/home/lamps-xe11/ros2_ws/install/two_camera/lib/python3.10/site-packages'
[59.167s] Level 1:colcon.colcon_core.environment:checking '/home/lamps-xe11/ros2_ws/install/two_camera/bin'
[59.169s] INFO:colcon.colcon_core.shell:Creating package script '/home/lamps-xe11/ros2_ws/install/two_camera/share/two_camera/package.ps1'
[59.171s] INFO:colcon.colcon_core.shell:Creating package descriptor '/home/lamps-xe11/ros2_ws/install/two_camera/share/two_camera/package.dsv'
[59.173s] INFO:colcon.colcon_core.shell:Creating package script '/home/lamps-xe11/ros2_ws/install/two_camera/share/two_camera/package.sh'
[59.176s] INFO:colcon.colcon_core.shell:Creating package script '/home/lamps-xe11/ros2_ws/install/two_camera/share/two_camera/package.bash'
[59.178s] INFO:colcon.colcon_core.shell:Creating package script '/home/lamps-xe11/ros2_ws/install/two_camera/share/two_camera/package.zsh'
[59.180s] Level 1:colcon.colcon_core.environment:create_file_with_runtime_dependencies(/home/lamps-xe11/ros2_ws/install/two_camera/share/colcon-core/packages/two_camera)
[59.386s] Level 1:colcon.colcon_core.environment:create_environment_scripts_only(two_camera)
[59.387s] Level 1:colcon.colcon_core.environment:checking '/home/lamps-xe11/ros2_ws/install/two_camera' for CMake module files
[59.391s] Level 1:colcon.colcon_core.environment:checking '/home/lamps-xe11/ros2_ws/install/two_camera' for CMake config files
[59.394s] Level 1:colcon.colcon_core.shell:create_environment_hook('two_camera', 'cmake_prefix_path')
[59.395s] INFO:colcon.colcon_core.shell:Creating environment hook '/home/lamps-xe11/ros2_ws/install/two_camera/share/two_camera/hook/cmake_prefix_path.ps1'
[59.398s] INFO:colcon.colcon_core.shell:Creating environment descriptor '/home/lamps-xe11/ros2_ws/install/two_camera/share/two_camera/hook/cmake_prefix_path.dsv'
[59.400s] INFO:colcon.colcon_core.shell:Creating environment hook '/home/lamps-xe11/ros2_ws/install/two_camera/share/two_camera/hook/cmake_prefix_path.sh'
[59.404s] Level 1:colcon.colcon_core.environment:checking '/home/lamps-xe11/ros2_ws/install/two_camera/lib'
[59.405s] Level 1:colcon.colcon_core.environment:checking '/home/lamps-xe11/ros2_ws/install/two_camera/bin'
[59.405s] Level 1:colcon.colcon_core.environment:checking '/home/lamps-xe11/ros2_ws/install/two_camera/lib/pkgconfig/two_camera.pc'
[59.406s] Level 1:colcon.colcon_core.environment:checking '/home/lamps-xe11/ros2_ws/install/two_camera/lib/python3.10/site-packages'
[59.407s] Level 1:colcon.colcon_core.environment:checking '/home/lamps-xe11/ros2_ws/install/two_camera/bin'
[59.409s] INFO:colcon.colcon_core.shell:Creating package script '/home/lamps-xe11/ros2_ws/install/two_camera/share/two_camera/package.ps1'
[59.411s] INFO:colcon.colcon_core.shell:Creating package descriptor '/home/lamps-xe11/ros2_ws/install/two_camera/share/two_camera/package.dsv'
[59.414s] INFO:colcon.colcon_core.shell:Creating package script '/home/lamps-xe11/ros2_ws/install/two_camera/share/two_camera/package.sh'
[59.417s] INFO:colcon.colcon_core.shell:Creating package script '/home/lamps-xe11/ros2_ws/install/two_camera/share/two_camera/package.bash'
[59.419s] INFO:colcon.colcon_core.shell:Creating package script '/home/lamps-xe11/ros2_ws/install/two_camera/share/two_camera/package.zsh'
[59.421s] Level 1:colcon.colcon_core.environment:create_file_with_runtime_dependencies(/home/lamps-xe11/ros2_ws/install/two_camera/share/colcon-core/packages/two_camera)
[59.423s] DEBUG:colcon.colcon_parallel_executor.executor.parallel:closing loop
[59.424s] DEBUG:colcon.colcon_parallel_executor.executor.parallel:loop closed
[59.425s] DEBUG:colcon.colcon_parallel_executor.executor.parallel:run_until_complete finished with '0'
[59.425s] DEBUG:colcon.colcon_core.event_reactor:joining thread
[59.450s] INFO:colcon.colcon_core.plugin_system:Skipping extension 'colcon_notification.desktop_notification.terminal_notifier': Not used on non-Darwin systems
[59.450s] INFO:colcon.colcon_core.plugin_system:Skipping extension 'colcon_notification.desktop_notification.win32': Not used on non-Windows systems
[59.451s] INFO:colcon.colcon_notification.desktop_notification:Sending desktop notification using 'notify2'
[59.508s] DEBUG:colcon.colcon_core.event_reactor:joined thread
[59.509s] INFO:colcon.colcon_core.shell:Creating prefix script '/home/lamps-xe11/ros2_ws/install/local_setup.ps1'
[59.514s] INFO:colcon.colcon_core.shell:Creating prefix util module '/home/lamps-xe11/ros2_ws/install/_local_setup_util_ps1.py'
[59.520s] INFO:colcon.colcon_core.shell:Creating prefix chain script '/home/lamps-xe11/ros2_ws/install/setup.ps1'
[59.525s] INFO:colcon.colcon_core.shell:Creating prefix script '/home/lamps-xe11/ros2_ws/install/local_setup.sh'
[59.528s] INFO:colcon.colcon_core.shell:Creating prefix util module '/home/lamps-xe11/ros2_ws/install/_local_setup_util_sh.py'
[59.531s] INFO:colcon.colcon_core.shell:Creating prefix chain script '/home/lamps-xe11/ros2_ws/install/setup.sh'
[59.536s] INFO:colcon.colcon_core.shell:Creating prefix script '/home/lamps-xe11/ros2_ws/install/local_setup.bash'
[59.539s] INFO:colcon.colcon_core.shell:Creating prefix chain script '/home/lamps-xe11/ros2_ws/install/setup.bash'
[59.544s] INFO:colcon.colcon_core.shell:Creating prefix script '/home/lamps-xe11/ros2_ws/install/local_setup.zsh'
[59.547s] INFO:colcon.colcon_core.shell:Creating prefix chain script '/home/lamps-xe11/ros2_ws/install/setup.zsh'
