-- Found ament_cmake: 1.3.10 (/opt/ros/humble/share/ament_cmake/cmake)
-- Found rclcpp: 16.0.10 (/opt/ros/humble/share/rclcpp/cmake)
-- Found rosidl_generator_c: 3.1.5 (/opt/ros/humble/share/rosidl_generator_c/cmake)
-- Found rosidl_adapter: 3.1.5 (/opt/ros/humble/share/rosidl_adapter/cmake)
-- Found rosidl_generator_cpp: 3.1.5 (/opt/ros/humble/share/rosidl_generator_cpp/cmake)
-- Using all available rosidl_typesupport_c: rosidl_typesupport_fastrtps_c;rosidl_typesupport_introspection_c
-- Using all available rosidl_typesupport_cpp: rosidl_typesupport_fastrtps_cpp;rosidl_typesupport_introspection_cpp
-- Found rmw_implementation_cmake: 6.1.2 (/opt/ros/humble/share/rmw_implementation_cmake/cmake)
-- Found rmw_fastrtps_cpp: 6.2.7 (/opt/ros/humble/share/rmw_fastrtps_cpp/cmake)
-- Using RMW implementation 'rmw_fastrtps_cpp' as default
-- Found sensor_msgs: 4.2.4 (/opt/ros/humble/share/sensor_msgs/cmake)
-- Checking for module 'gtk+-3.0'
--   Found gtk+-3.0, version 3.24.33
-- Checking for module 'gstreamer-1.0'
--   Found gstreamer-1.0, version 1.20.3
-- Checking for module 'gstreamer-app-1.0'
--   Found gstreamer-app-1.0, version 1.20.1
-- Found ament_lint_auto: 0.12.11 (/opt/ros/humble/share/ament_lint_auto/cmake)
-- Added test 'copyright' to check source files copyright and LICENSE
-- Added test 'cppcheck' to perform static code analysis on C / C++ code
-- Configured cppcheck include dirs: 
-- Configured cppcheck exclude dirs and/or files: 
-- Added test 'cpplint' to check C / C++ code against the Google style
-- Configured cpplint exclude dirs and/or files: 
-- Added test 'lint_cmake' to check CMake code style
-- Added test 'uncrustify' to check C / C++ code style
-- Configured uncrustify additional arguments: 
-- Added test 'xmllint' to check XML markup files
-- Configuring done
-- Generating done
-- Build files have been written to: /home/lamps-xe11/ros2_ws/build/two_camera
[ 12%] [32mBuilding CXX object CMakeFiles/appsink1.dir/src/appsink1.cpp.o[0m
[ 25%] [32mBuilding CXX object CMakeFiles/appsink2.dir/src/appsink2.cpp.o[0m
[ 37%] [32mBuilding CXX object CMakeFiles/appsink4.dir/src/appsink4.cpp.o[0m
[ 50%] [32mBuilding CXX object CMakeFiles/appsink3.dir/src/appsink3.cpp.o[0m
[ 75%] [32m[1mLinking CXX executable appsink4[0m
[ 87%] [32m[1mLinking CXX executable appsink3[0m
[ 75%] [32m[1mLinking CXX executable appsink1[0m
[100%] [32m[1mLinking CXX executable appsink2[0m
[100%] Built target appsink3
[100%] Built target appsink2
[100%] Built target appsink1
[100%] Built target appsink4
-- Install configuration: ""
-- Installing: /home/lamps-xe11/ros2_ws/install/two_camera/lib/two_camera/appsink1
-- Set runtime path of "/home/lamps-xe11/ros2_ws/install/two_camera/lib/two_camera/appsink1" to ""
-- Installing: /home/lamps-xe11/ros2_ws/install/two_camera/lib/two_camera/appsink2
-- Set runtime path of "/home/lamps-xe11/ros2_ws/install/two_camera/lib/two_camera/appsink2" to ""
-- Installing: /home/lamps-xe11/ros2_ws/install/two_camera/lib/two_camera/appsink3
-- Set runtime path of "/home/lamps-xe11/ros2_ws/install/two_camera/lib/two_camera/appsink3" to ""
-- Installing: /home/lamps-xe11/ros2_ws/install/two_camera/lib/two_camera/appsink4
-- Set runtime path of "/home/lamps-xe11/ros2_ws/install/two_camera/lib/two_camera/appsink4" to ""
-- Up-to-date: /home/lamps-xe11/ros2_ws/install/two_camera/share/two_camera//launch
-- Installing: /home/lamps-xe11/ros2_ws/install/two_camera/share/ament_index/resource_index/package_run_dependencies/two_camera
-- Installing: /home/lamps-xe11/ros2_ws/install/two_camera/share/ament_index/resource_index/parent_prefix_path/two_camera
-- Up-to-date: /home/lamps-xe11/ros2_ws/install/two_camera/share/two_camera/environment/ament_prefix_path.sh
-- Installing: /home/lamps-xe11/ros2_ws/install/two_camera/share/two_camera/environment/ament_prefix_path.dsv
-- Up-to-date: /home/lamps-xe11/ros2_ws/install/two_camera/share/two_camera/environment/path.sh
-- Installing: /home/lamps-xe11/ros2_ws/install/two_camera/share/two_camera/environment/path.dsv
-- Installing: /home/lamps-xe11/ros2_ws/install/two_camera/share/two_camera/local_setup.bash
-- Installing: /home/lamps-xe11/ros2_ws/install/two_camera/share/two_camera/local_setup.sh
-- Installing: /home/lamps-xe11/ros2_ws/install/two_camera/share/two_camera/local_setup.zsh
-- Installing: /home/lamps-xe11/ros2_ws/install/two_camera/share/two_camera/local_setup.dsv
-- Installing: /home/lamps-xe11/ros2_ws/install/two_camera/share/two_camera/package.dsv
-- Installing: /home/lamps-xe11/ros2_ws/install/two_camera/share/ament_index/resource_index/packages/two_camera
-- Installing: /home/lamps-xe11/ros2_ws/install/two_camera/share/two_camera/cmake/two_cameraConfig.cmake
-- Installing: /home/lamps-xe11/ros2_ws/install/two_camera/share/two_camera/cmake/two_cameraConfig-version.cmake
-- Up-to-date: /home/lamps-xe11/ros2_ws/install/two_camera/share/two_camera/package.xml
