[0.529s] DEBUG:colcon:Command line arguments: ['/usr/bin/colcon', 'build']
[0.529s] DEBUG:colcon:Parsed command line arguments: Namespace(log_base=None, log_level=None, verb_name='build', build_base='build', install_base='install', merge_install=False, symlink_install=False, test_result_base=None, continue_on_error=False, executor='parallel', parallel_workers=4, event_handlers=None, ignore_user_meta=False, metas=['./colcon.meta'], base_paths=['.'], packages_ignore=None, packages_ignore_regex=None, paths=None, packages_up_to=None, packages_up_to_regex=None, packages_above=None, packages_above_and_dependencies=None, packages_above_depth=None, packages_select_by_dep=None, packages_skip_by_dep=None, packages_skip_up_to=None, packages_select_build_failed=False, packages_skip_build_finished=False, packages_select_test_failures=False, packages_skip_test_passed=False, packages_select=None, packages_skip=None, packages_select_regex=None, packages_skip_regex=None, packages_start=None, packages_end=None, allow_overriding=[], cmake_args=None, cmake_target=None, cmake_target_skip_unavailable=False, cmake_clean_cache=False, cmake_clean_first=False, cmake_force_configure=False, ament_cmake_args=None, catkin_cmake_args=None, catkin_skip_building_tests=False, verb_parser=<colcon_defaults.argument_parser.defaults.DefaultArgumentsDecorator object at 0xffff858f7a00>, verb_extension=<colcon_core.verb.build.BuildVerb object at 0xffff85a78670>, main=<bound method BuildVerb.main of <colcon_core.verb.build.BuildVerb object at 0xffff85a78670>>)
[1.420s] Level 1:colcon.colcon_core.package_discovery:discover_packages(colcon_meta) check parameters
[1.421s] Level 1:colcon.colcon_core.package_discovery:discover_packages(recursive) check parameters
[1.421s] Level 1:colcon.colcon_core.package_discovery:discover_packages(ignore) check parameters
[1.422s] Level 1:colcon.colcon_core.package_discovery:discover_packages(path) check parameters
[1.422s] Level 1:colcon.colcon_core.package_discovery:discover_packages(colcon_meta) discover
[1.422s] Level 1:colcon.colcon_core.package_discovery:discover_packages(recursive) discover
[1.422s] INFO:colcon.colcon_core.package_discovery:Crawling recursively for packages in '/home/lamps-xe11/ros2_ws'
[1.423s] Level 1:colcon.colcon_core.package_identification:_identify(.) by extensions ['ignore', 'ignore_ament_install']
[1.423s] Level 1:colcon.colcon_core.package_identification:_identify(.) by extension 'ignore'
[1.424s] Level 1:colcon.colcon_core.package_identification:_identify(.) by extension 'ignore_ament_install'
[1.424s] Level 1:colcon.colcon_core.package_identification:_identify(.) by extensions ['colcon_pkg']
[1.424s] Level 1:colcon.colcon_core.package_identification:_identify(.) by extension 'colcon_pkg'
[1.424s] Level 1:colcon.colcon_core.package_identification:_identify(.) by extensions ['colcon_meta']
[1.425s] Level 1:colcon.colcon_core.package_identification:_identify(.) by extension 'colcon_meta'
[1.425s] Level 1:colcon.colcon_core.package_identification:_identify(.) by extensions ['ros']
[1.425s] Level 1:colcon.colcon_core.package_identification:_identify(.) by extension 'ros'
[1.481s] Level 1:colcon.colcon_core.package_identification:_identify(.) by extensions ['cmake', 'python']
[1.482s] Level 1:colcon.colcon_core.package_identification:_identify(.) by extension 'cmake'
[1.482s] Level 1:colcon.colcon_core.package_identification:_identify(.) by extension 'python'
[1.482s] Level 1:colcon.colcon_core.package_identification:_identify(.) by extensions ['python_setup_py']
[1.482s] Level 1:colcon.colcon_core.package_identification:_identify(.) by extension 'python_setup_py'
[1.483s] Level 1:colcon.colcon_core.package_identification:_identify(build) by extensions ['ignore', 'ignore_ament_install']
[1.484s] Level 1:colcon.colcon_core.package_identification:_identify(build) by extension 'ignore'
[1.484s] Level 1:colcon.colcon_core.package_identification:_identify(build) ignored
[1.484s] Level 1:colcon.colcon_core.package_identification:_identify(image) by extensions ['ignore', 'ignore_ament_install']
[1.485s] Level 1:colcon.colcon_core.package_identification:_identify(image) by extension 'ignore'
[1.485s] Level 1:colcon.colcon_core.package_identification:_identify(image) by extension 'ignore_ament_install'
[1.485s] Level 1:colcon.colcon_core.package_identification:_identify(image) by extensions ['colcon_pkg']
[1.486s] Level 1:colcon.colcon_core.package_identification:_identify(image) by extension 'colcon_pkg'
[1.486s] Level 1:colcon.colcon_core.package_identification:_identify(image) by extensions ['colcon_meta']
[1.486s] Level 1:colcon.colcon_core.package_identification:_identify(image) by extension 'colcon_meta'
[1.486s] Level 1:colcon.colcon_core.package_identification:_identify(image) by extensions ['ros']
[1.486s] Level 1:colcon.colcon_core.package_identification:_identify(image) by extension 'ros'
[1.487s] Level 1:colcon.colcon_core.package_identification:_identify(image) by extensions ['cmake', 'python']
[1.487s] Level 1:colcon.colcon_core.package_identification:_identify(image) by extension 'cmake'
[1.487s] Level 1:colcon.colcon_core.package_identification:_identify(image) by extension 'python'
[1.488s] Level 1:colcon.colcon_core.package_identification:_identify(image) by extensions ['python_setup_py']
[1.488s] Level 1:colcon.colcon_core.package_identification:_identify(image) by extension 'python_setup_py'
[1.488s] Level 1:colcon.colcon_core.package_identification:_identify(install) by extensions ['ignore', 'ignore_ament_install']
[1.489s] Level 1:colcon.colcon_core.package_identification:_identify(install) by extension 'ignore'
[1.489s] Level 1:colcon.colcon_core.package_identification:_identify(install) ignored
[1.490s] Level 1:colcon.colcon_core.package_identification:_identify(log) by extensions ['ignore', 'ignore_ament_install']
[1.490s] Level 1:colcon.colcon_core.package_identification:_identify(log) by extension 'ignore'
[1.490s] Level 1:colcon.colcon_core.package_identification:_identify(log) ignored
[1.491s] Level 1:colcon.colcon_core.package_identification:_identify(src) by extensions ['ignore', 'ignore_ament_install']
[1.491s] Level 1:colcon.colcon_core.package_identification:_identify(src) by extension 'ignore'
[1.491s] Level 1:colcon.colcon_core.package_identification:_identify(src) by extension 'ignore_ament_install'
[1.492s] Level 1:colcon.colcon_core.package_identification:_identify(src) by extensions ['colcon_pkg']
[1.492s] Level 1:colcon.colcon_core.package_identification:_identify(src) by extension 'colcon_pkg'
[1.492s] Level 1:colcon.colcon_core.package_identification:_identify(src) by extensions ['colcon_meta']
[1.492s] Level 1:colcon.colcon_core.package_identification:_identify(src) by extension 'colcon_meta'
[1.493s] Level 1:colcon.colcon_core.package_identification:_identify(src) by extensions ['ros']
[1.493s] Level 1:colcon.colcon_core.package_identification:_identify(src) by extension 'ros'
[1.493s] Level 1:colcon.colcon_core.package_identification:_identify(src) by extensions ['cmake', 'python']
[1.493s] Level 1:colcon.colcon_core.package_identification:_identify(src) by extension 'cmake'
[1.494s] Level 1:colcon.colcon_core.package_identification:_identify(src) by extension 'python'
[1.494s] Level 1:colcon.colcon_core.package_identification:_identify(src) by extensions ['python_setup_py']
[1.494s] Level 1:colcon.colcon_core.package_identification:_identify(src) by extension 'python_setup_py'
[1.494s] Level 1:colcon.colcon_core.package_identification:_identify(src/sub_synch) by extensions ['ignore', 'ignore_ament_install']
[1.495s] Level 1:colcon.colcon_core.package_identification:_identify(src/sub_synch) by extension 'ignore'
[1.495s] Level 1:colcon.colcon_core.package_identification:_identify(src/sub_synch) by extension 'ignore_ament_install'
[1.496s] Level 1:colcon.colcon_core.package_identification:_identify(src/sub_synch) by extensions ['colcon_pkg']
[1.496s] Level 1:colcon.colcon_core.package_identification:_identify(src/sub_synch) by extension 'colcon_pkg'
[1.496s] Level 1:colcon.colcon_core.package_identification:_identify(src/sub_synch) by extensions ['colcon_meta']
[1.496s] Level 1:colcon.colcon_core.package_identification:_identify(src/sub_synch) by extension 'colcon_meta'
[1.497s] Level 1:colcon.colcon_core.package_identification:_identify(src/sub_synch) by extensions ['ros']
[1.497s] Level 1:colcon.colcon_core.package_identification:_identify(src/sub_synch) by extension 'ros'
[1.507s] DEBUG:colcon.colcon_core.package_identification:Package 'src/sub_synch' with type 'ros.ament_cmake' and name 'sub_synch'
[1.508s] Level 1:colcon.colcon_core.package_identification:_identify(src/two_camera) by extensions ['ignore', 'ignore_ament_install']
[1.509s] Level 1:colcon.colcon_core.package_identification:_identify(src/two_camera) by extension 'ignore'
[1.509s] Level 1:colcon.colcon_core.package_identification:_identify(src/two_camera) by extension 'ignore_ament_install'
[1.509s] Level 1:colcon.colcon_core.package_identification:_identify(src/two_camera) by extensions ['colcon_pkg']
[1.509s] Level 1:colcon.colcon_core.package_identification:_identify(src/two_camera) by extension 'colcon_pkg'
[1.510s] Level 1:colcon.colcon_core.package_identification:_identify(src/two_camera) by extensions ['colcon_meta']
[1.510s] Level 1:colcon.colcon_core.package_identification:_identify(src/two_camera) by extension 'colcon_meta'
[1.510s] Level 1:colcon.colcon_core.package_identification:_identify(src/two_camera) by extensions ['ros']
[1.510s] Level 1:colcon.colcon_core.package_identification:_identify(src/two_camera) by extension 'ros'
[1.513s] DEBUG:colcon.colcon_core.package_identification:Package 'src/two_camera' with type 'ros.ament_cmake' and name 'two_camera'
[1.513s] Level 1:colcon.colcon_core.package_discovery:discover_packages(recursive) using defaults
[1.514s] Level 1:colcon.colcon_core.package_discovery:discover_packages(ignore) discover
[1.514s] Level 1:colcon.colcon_core.package_discovery:discover_packages(ignore) using defaults
[1.514s] Level 1:colcon.colcon_core.package_discovery:discover_packages(path) discover
[1.514s] Level 1:colcon.colcon_core.package_discovery:discover_packages(path) using defaults
[1.601s] Level 1:colcon.colcon_core.package_discovery:discover_packages(prefix_path) check parameters
[1.601s] Level 1:colcon.colcon_core.package_discovery:discover_packages(prefix_path) discover
[1.619s] DEBUG:colcon.colcon_installed_package_information.package_discovery:Found 270 installed packages in /opt/ros/humble
[1.626s] Level 1:colcon.colcon_core.package_discovery:discover_packages(prefix_path) using defaults
[1.869s] Level 5:colcon.colcon_core.verb:set package 'sub_synch' build argument 'cmake_args' from command line to 'None'
[1.869s] Level 5:colcon.colcon_core.verb:set package 'sub_synch' build argument 'cmake_target' from command line to 'None'
[1.869s] Level 5:colcon.colcon_core.verb:set package 'sub_synch' build argument 'cmake_target_skip_unavailable' from command line to 'False'
[1.870s] Level 5:colcon.colcon_core.verb:set package 'sub_synch' build argument 'cmake_clean_cache' from command line to 'False'
[1.870s] Level 5:colcon.colcon_core.verb:set package 'sub_synch' build argument 'cmake_clean_first' from command line to 'False'
[1.870s] Level 5:colcon.colcon_core.verb:set package 'sub_synch' build argument 'cmake_force_configure' from command line to 'False'
[1.870s] Level 5:colcon.colcon_core.verb:set package 'sub_synch' build argument 'ament_cmake_args' from command line to 'None'
[1.870s] Level 5:colcon.colcon_core.verb:set package 'sub_synch' build argument 'catkin_cmake_args' from command line to 'None'
[1.870s] Level 5:colcon.colcon_core.verb:set package 'sub_synch' build argument 'catkin_skip_building_tests' from command line to 'False'
[1.870s] DEBUG:colcon.colcon_core.verb:Building package 'sub_synch' with the following arguments: {'ament_cmake_args': None, 'build_base': '/home/lamps-xe11/ros2_ws/build/sub_synch', 'catkin_cmake_args': None, 'catkin_skip_building_tests': False, 'cmake_args': None, 'cmake_clean_cache': False, 'cmake_clean_first': False, 'cmake_force_configure': False, 'cmake_target': None, 'cmake_target_skip_unavailable': False, 'install_base': '/home/lamps-xe11/ros2_ws/install/sub_synch', 'merge_install': False, 'path': '/home/lamps-xe11/ros2_ws/src/sub_synch', 'symlink_install': False, 'test_result_base': None}
[1.872s] Level 5:colcon.colcon_core.verb:set package 'two_camera' build argument 'cmake_args' from command line to 'None'
[1.872s] Level 5:colcon.colcon_core.verb:set package 'two_camera' build argument 'cmake_target' from command line to 'None'
[1.873s] Level 5:colcon.colcon_core.verb:set package 'two_camera' build argument 'cmake_target_skip_unavailable' from command line to 'False'
[1.873s] Level 5:colcon.colcon_core.verb:set package 'two_camera' build argument 'cmake_clean_cache' from command line to 'False'
[1.873s] Level 5:colcon.colcon_core.verb:set package 'two_camera' build argument 'cmake_clean_first' from command line to 'False'
[1.873s] Level 5:colcon.colcon_core.verb:set package 'two_camera' build argument 'cmake_force_configure' from command line to 'False'
[1.873s] Level 5:colcon.colcon_core.verb:set package 'two_camera' build argument 'ament_cmake_args' from command line to 'None'
[1.873s] Level 5:colcon.colcon_core.verb:set package 'two_camera' build argument 'catkin_cmake_args' from command line to 'None'
[1.873s] Level 5:colcon.colcon_core.verb:set package 'two_camera' build argument 'catkin_skip_building_tests' from command line to 'False'
[1.874s] DEBUG:colcon.colcon_core.verb:Building package 'two_camera' with the following arguments: {'ament_cmake_args': None, 'build_base': '/home/lamps-xe11/ros2_ws/build/two_camera', 'catkin_cmake_args': None, 'catkin_skip_building_tests': False, 'cmake_args': None, 'cmake_clean_cache': False, 'cmake_clean_first': False, 'cmake_force_configure': False, 'cmake_target': None, 'cmake_target_skip_unavailable': False, 'install_base': '/home/lamps-xe11/ros2_ws/install/two_camera', 'merge_install': False, 'path': '/home/lamps-xe11/ros2_ws/src/two_camera', 'symlink_install': False, 'test_result_base': None}
[1.874s] INFO:colcon.colcon_core.executor:Executing jobs using 'parallel' executor
[1.878s] DEBUG:colcon.colcon_parallel_executor.executor.parallel:run_until_complete
[1.879s] INFO:colcon.colcon_ros.task.ament_cmake.build:Building ROS package in '/home/lamps-xe11/ros2_ws/src/sub_synch' with build type 'ament_cmake'
[1.880s] INFO:colcon.colcon_cmake.task.cmake.build:Building CMake package in '/home/lamps-xe11/ros2_ws/src/sub_synch'
[1.891s] INFO:colcon.colcon_core.plugin_system:Skipping extension 'colcon_core.shell.bat': Not used on non-Windows systems
[1.892s] INFO:colcon.colcon_core.shell:Skip shell extension 'powershell' for command environment: Not usable outside of PowerShell
[1.892s] DEBUG:colcon.colcon_core.shell:Skip shell extension 'dsv' for command environment
[1.910s] INFO:colcon.colcon_ros.task.ament_cmake.build:Building ROS package in '/home/lamps-xe11/ros2_ws/src/two_camera' with build type 'ament_cmake'
[1.911s] INFO:colcon.colcon_cmake.task.cmake.build:Building CMake package in '/home/lamps-xe11/ros2_ws/src/two_camera'
[1.913s] INFO:colcon.colcon_core.shell:Skip shell extension 'powershell' for command environment: Not usable outside of PowerShell
[1.914s] DEBUG:colcon.colcon_core.shell:Skip shell extension 'dsv' for command environment
[1.959s] DEBUG:colcon.colcon_core.event_handler.log_command:Invoking command in '/home/lamps-xe11/ros2_ws/build/sub_synch': CMAKE_PREFIX_PATH=/opt/ros/humble /usr/bin/cmake --build /home/lamps-xe11/ros2_ws/build/sub_synch -- -j4 -l4
[1.983s] DEBUG:colcon.colcon_core.event_handler.log_command:Invoking command in '/home/lamps-xe11/ros2_ws/build/two_camera': CMAKE_PREFIX_PATH=/opt/ros/humble /usr/bin/cmake /home/lamps-xe11/ros2_ws/src/two_camera -DCMAKE_INSTALL_PREFIX=/home/lamps-xe11/ros2_ws/install/two_camera
[2.337s] DEBUG:colcon.colcon_core.event_handler.log_command:Invoked command in '/home/lamps-xe11/ros2_ws/build/sub_synch' returned '0': CMAKE_PREFIX_PATH=/opt/ros/humble /usr/bin/cmake --build /home/lamps-xe11/ros2_ws/build/sub_synch -- -j4 -l4
[2.529s] DEBUG:colcon.colcon_core.event_handler.log_command:Invoking command in '/home/lamps-xe11/ros2_ws/build/sub_synch': CMAKE_PREFIX_PATH=/opt/ros/humble /usr/bin/cmake --install /home/lamps-xe11/ros2_ws/build/sub_synch
[2.647s] Level 1:colcon.colcon_core.environment:create_environment_scripts_only(sub_synch)
[2.649s] DEBUG:colcon.colcon_core.event_handler.log_command:Invoked command in '/home/lamps-xe11/ros2_ws/build/sub_synch' returned '0': CMAKE_PREFIX_PATH=/opt/ros/humble /usr/bin/cmake --install /home/lamps-xe11/ros2_ws/build/sub_synch
[2.667s] Level 1:colcon.colcon_core.environment:checking '/home/lamps-xe11/ros2_ws/install/sub_synch' for CMake module files
[2.673s] Level 1:colcon.colcon_core.environment:checking '/home/lamps-xe11/ros2_ws/install/sub_synch' for CMake config files
[2.676s] Level 1:colcon.colcon_core.shell:create_environment_hook('sub_synch', 'cmake_prefix_path')
[2.678s] INFO:colcon.colcon_core.shell:Creating environment hook '/home/lamps-xe11/ros2_ws/install/sub_synch/share/sub_synch/hook/cmake_prefix_path.ps1'
[2.683s] INFO:colcon.colcon_core.shell:Creating environment descriptor '/home/lamps-xe11/ros2_ws/install/sub_synch/share/sub_synch/hook/cmake_prefix_path.dsv'
[2.686s] INFO:colcon.colcon_core.shell:Creating environment hook '/home/lamps-xe11/ros2_ws/install/sub_synch/share/sub_synch/hook/cmake_prefix_path.sh'
[2.695s] Level 1:colcon.colcon_core.environment:checking '/home/lamps-xe11/ros2_ws/install/sub_synch/lib'
[2.697s] Level 1:colcon.colcon_core.environment:checking '/home/lamps-xe11/ros2_ws/install/sub_synch/bin'
[2.698s] Level 1:colcon.colcon_core.environment:checking '/home/lamps-xe11/ros2_ws/install/sub_synch/lib/pkgconfig/sub_synch.pc'
[2.700s] Level 1:colcon.colcon_core.environment:checking '/home/lamps-xe11/ros2_ws/install/sub_synch/lib/python3.10/site-packages'
[2.702s] Level 1:colcon.colcon_core.environment:checking '/home/lamps-xe11/ros2_ws/install/sub_synch/bin'
[2.704s] INFO:colcon.colcon_core.shell:Creating package script '/home/lamps-xe11/ros2_ws/install/sub_synch/share/sub_synch/package.ps1'
[2.708s] INFO:colcon.colcon_core.shell:Creating package descriptor '/home/lamps-xe11/ros2_ws/install/sub_synch/share/sub_synch/package.dsv'
[2.712s] INFO:colcon.colcon_core.shell:Creating package script '/home/lamps-xe11/ros2_ws/install/sub_synch/share/sub_synch/package.sh'
[2.716s] INFO:colcon.colcon_core.shell:Creating package script '/home/lamps-xe11/ros2_ws/install/sub_synch/share/sub_synch/package.bash'
[2.721s] INFO:colcon.colcon_core.shell:Creating package script '/home/lamps-xe11/ros2_ws/install/sub_synch/share/sub_synch/package.zsh'
[2.724s] Level 1:colcon.colcon_core.environment:create_file_with_runtime_dependencies(/home/lamps-xe11/ros2_ws/install/sub_synch/share/colcon-core/packages/sub_synch)
[2.860s] Level 1:colcon.colcon_core.environment:create_environment_scripts_only(sub_synch)
[2.861s] Level 1:colcon.colcon_core.environment:checking '/home/lamps-xe11/ros2_ws/install/sub_synch' for CMake module files
[2.864s] Level 1:colcon.colcon_core.environment:checking '/home/lamps-xe11/ros2_ws/install/sub_synch' for CMake config files
[2.866s] Level 1:colcon.colcon_core.shell:create_environment_hook('sub_synch', 'cmake_prefix_path')
[2.867s] INFO:colcon.colcon_core.shell:Creating environment hook '/home/lamps-xe11/ros2_ws/install/sub_synch/share/sub_synch/hook/cmake_prefix_path.ps1'
[2.870s] INFO:colcon.colcon_core.shell:Creating environment descriptor '/home/lamps-xe11/ros2_ws/install/sub_synch/share/sub_synch/hook/cmake_prefix_path.dsv'
[2.872s] INFO:colcon.colcon_core.shell:Creating environment hook '/home/lamps-xe11/ros2_ws/install/sub_synch/share/sub_synch/hook/cmake_prefix_path.sh'
[2.875s] Level 1:colcon.colcon_core.environment:checking '/home/lamps-xe11/ros2_ws/install/sub_synch/lib'
[2.876s] Level 1:colcon.colcon_core.environment:checking '/home/lamps-xe11/ros2_ws/install/sub_synch/bin'
[2.877s] Level 1:colcon.colcon_core.environment:checking '/home/lamps-xe11/ros2_ws/install/sub_synch/lib/pkgconfig/sub_synch.pc'
[2.878s] Level 1:colcon.colcon_core.environment:checking '/home/lamps-xe11/ros2_ws/install/sub_synch/lib/python3.10/site-packages'
[2.879s] Level 1:colcon.colcon_core.environment:checking '/home/lamps-xe11/ros2_ws/install/sub_synch/bin'
[2.881s] INFO:colcon.colcon_core.shell:Creating package script '/home/lamps-xe11/ros2_ws/install/sub_synch/share/sub_synch/package.ps1'
[2.884s] INFO:colcon.colcon_core.shell:Creating package descriptor '/home/lamps-xe11/ros2_ws/install/sub_synch/share/sub_synch/package.dsv'
[2.886s] INFO:colcon.colcon_core.shell:Creating package script '/home/lamps-xe11/ros2_ws/install/sub_synch/share/sub_synch/package.sh'
[2.890s] INFO:colcon.colcon_core.shell:Creating package script '/home/lamps-xe11/ros2_ws/install/sub_synch/share/sub_synch/package.bash'
[2.893s] INFO:colcon.colcon_core.shell:Creating package script '/home/lamps-xe11/ros2_ws/install/sub_synch/share/sub_synch/package.zsh'
[2.895s] Level 1:colcon.colcon_core.environment:create_file_with_runtime_dependencies(/home/lamps-xe11/ros2_ws/install/sub_synch/share/colcon-core/packages/sub_synch)
[10.341s] DEBUG:colcon.colcon_core.event_handler.log_command:Invoked command in '/home/lamps-xe11/ros2_ws/build/two_camera' returned '0': CMAKE_PREFIX_PATH=/opt/ros/humble /usr/bin/cmake /home/lamps-xe11/ros2_ws/src/two_camera -DCMAKE_INSTALL_PREFIX=/home/lamps-xe11/ros2_ws/install/two_camera
[10.352s] DEBUG:colcon.colcon_core.event_handler.log_command:Invoking command in '/home/lamps-xe11/ros2_ws/build/two_camera': CMAKE_PREFIX_PATH=/opt/ros/humble /usr/bin/cmake --build /home/lamps-xe11/ros2_ws/build/two_camera -- -j4 -l4
[86.071s] DEBUG:colcon.colcon_core.event_handler.log_command:Invoked command in '/home/lamps-xe11/ros2_ws/build/two_camera' returned '0': CMAKE_PREFIX_PATH=/opt/ros/humble /usr/bin/cmake --build /home/lamps-xe11/ros2_ws/build/two_camera -- -j4 -l4
[86.333s] DEBUG:colcon.colcon_core.event_handler.log_command:Invoking command in '/home/lamps-xe11/ros2_ws/build/two_camera': CMAKE_PREFIX_PATH=/opt/ros/humble /usr/bin/cmake --install /home/lamps-xe11/ros2_ws/build/two_camera
[86.552s] Level 1:colcon.colcon_core.environment:create_environment_scripts_only(two_camera)
[86.560s] Level 1:colcon.colcon_core.environment:checking '/home/lamps-xe11/ros2_ws/install/two_camera' for CMake module files
[86.563s] DEBUG:colcon.colcon_core.event_handler.log_command:Invoked command in '/home/lamps-xe11/ros2_ws/build/two_camera' returned '0': CMAKE_PREFIX_PATH=/opt/ros/humble /usr/bin/cmake --install /home/lamps-xe11/ros2_ws/build/two_camera
[86.576s] Level 1:colcon.colcon_core.environment:checking '/home/lamps-xe11/ros2_ws/install/two_camera' for CMake config files
[86.582s] Level 1:colcon.colcon_core.shell:create_environment_hook('two_camera', 'cmake_prefix_path')
[86.585s] INFO:colcon.colcon_core.shell:Creating environment hook '/home/lamps-xe11/ros2_ws/install/two_camera/share/two_camera/hook/cmake_prefix_path.ps1'
[86.619s] INFO:colcon.colcon_core.shell:Creating environment descriptor '/home/lamps-xe11/ros2_ws/install/two_camera/share/two_camera/hook/cmake_prefix_path.dsv'
[86.630s] INFO:colcon.colcon_core.shell:Creating environment hook '/home/lamps-xe11/ros2_ws/install/two_camera/share/two_camera/hook/cmake_prefix_path.sh'
[86.640s] Level 1:colcon.colcon_core.environment:checking '/home/lamps-xe11/ros2_ws/install/two_camera/lib'
[86.641s] Level 1:colcon.colcon_core.environment:checking '/home/lamps-xe11/ros2_ws/install/two_camera/bin'
[86.642s] Level 1:colcon.colcon_core.environment:checking '/home/lamps-xe11/ros2_ws/install/two_camera/lib/pkgconfig/two_camera.pc'
[86.647s] Level 1:colcon.colcon_core.environment:checking '/home/lamps-xe11/ros2_ws/install/two_camera/lib/python3.10/site-packages'
[86.648s] Level 1:colcon.colcon_core.environment:checking '/home/lamps-xe11/ros2_ws/install/two_camera/bin'
[86.650s] INFO:colcon.colcon_core.shell:Creating package script '/home/lamps-xe11/ros2_ws/install/two_camera/share/two_camera/package.ps1'
[86.661s] INFO:colcon.colcon_core.shell:Creating package descriptor '/home/lamps-xe11/ros2_ws/install/two_camera/share/two_camera/package.dsv'
[86.665s] INFO:colcon.colcon_core.shell:Creating package script '/home/lamps-xe11/ros2_ws/install/two_camera/share/two_camera/package.sh'
[86.670s] INFO:colcon.colcon_core.shell:Creating package script '/home/lamps-xe11/ros2_ws/install/two_camera/share/two_camera/package.bash'
[86.675s] INFO:colcon.colcon_core.shell:Creating package script '/home/lamps-xe11/ros2_ws/install/two_camera/share/two_camera/package.zsh'
[86.680s] Level 1:colcon.colcon_core.environment:create_file_with_runtime_dependencies(/home/lamps-xe11/ros2_ws/install/two_camera/share/colcon-core/packages/two_camera)
[86.894s] Level 1:colcon.colcon_core.environment:create_environment_scripts_only(two_camera)
[86.896s] Level 1:colcon.colcon_core.environment:checking '/home/lamps-xe11/ros2_ws/install/two_camera' for CMake module files
[86.900s] Level 1:colcon.colcon_core.environment:checking '/home/lamps-xe11/ros2_ws/install/two_camera' for CMake config files
[86.902s] Level 1:colcon.colcon_core.shell:create_environment_hook('two_camera', 'cmake_prefix_path')
[86.903s] INFO:colcon.colcon_core.shell:Creating environment hook '/home/lamps-xe11/ros2_ws/install/two_camera/share/two_camera/hook/cmake_prefix_path.ps1'
[86.905s] INFO:colcon.colcon_core.shell:Creating environment descriptor '/home/lamps-xe11/ros2_ws/install/two_camera/share/two_camera/hook/cmake_prefix_path.dsv'
[86.907s] INFO:colcon.colcon_core.shell:Creating environment hook '/home/lamps-xe11/ros2_ws/install/two_camera/share/two_camera/hook/cmake_prefix_path.sh'
[86.911s] Level 1:colcon.colcon_core.environment:checking '/home/lamps-xe11/ros2_ws/install/two_camera/lib'
[86.911s] Level 1:colcon.colcon_core.environment:checking '/home/lamps-xe11/ros2_ws/install/two_camera/bin'
[86.912s] Level 1:colcon.colcon_core.environment:checking '/home/lamps-xe11/ros2_ws/install/two_camera/lib/pkgconfig/two_camera.pc'
[86.913s] Level 1:colcon.colcon_core.environment:checking '/home/lamps-xe11/ros2_ws/install/two_camera/lib/python3.10/site-packages'
[86.914s] Level 1:colcon.colcon_core.environment:checking '/home/lamps-xe11/ros2_ws/install/two_camera/bin'
[86.916s] INFO:colcon.colcon_core.shell:Creating package script '/home/lamps-xe11/ros2_ws/install/two_camera/share/two_camera/package.ps1'
[86.919s] INFO:colcon.colcon_core.shell:Creating package descriptor '/home/lamps-xe11/ros2_ws/install/two_camera/share/two_camera/package.dsv'
[86.921s] INFO:colcon.colcon_core.shell:Creating package script '/home/lamps-xe11/ros2_ws/install/two_camera/share/two_camera/package.sh'
[86.924s] INFO:colcon.colcon_core.shell:Creating package script '/home/lamps-xe11/ros2_ws/install/two_camera/share/two_camera/package.bash'
[86.927s] INFO:colcon.colcon_core.shell:Creating package script '/home/lamps-xe11/ros2_ws/install/two_camera/share/two_camera/package.zsh'
[86.930s] Level 1:colcon.colcon_core.environment:create_file_with_runtime_dependencies(/home/lamps-xe11/ros2_ws/install/two_camera/share/colcon-core/packages/two_camera)
[86.933s] DEBUG:colcon.colcon_parallel_executor.executor.parallel:closing loop
[86.935s] DEBUG:colcon.colcon_parallel_executor.executor.parallel:loop closed
[86.936s] DEBUG:colcon.colcon_parallel_executor.executor.parallel:run_until_complete finished with '0'
[86.938s] DEBUG:colcon.colcon_core.event_reactor:joining thread
[87.034s] INFO:colcon.colcon_core.plugin_system:Skipping extension 'colcon_notification.desktop_notification.terminal_notifier': Not used on non-Darwin systems
[87.035s] INFO:colcon.colcon_core.plugin_system:Skipping extension 'colcon_notification.desktop_notification.win32': Not used on non-Windows systems
[87.035s] INFO:colcon.colcon_notification.desktop_notification:Sending desktop notification using 'notify2'
[87.177s] DEBUG:colcon.colcon_core.event_reactor:joined thread
[87.180s] INFO:colcon.colcon_core.shell:Creating prefix script '/home/lamps-xe11/ros2_ws/install/local_setup.ps1'
[87.193s] INFO:colcon.colcon_core.shell:Creating prefix util module '/home/lamps-xe11/ros2_ws/install/_local_setup_util_ps1.py'
[87.204s] INFO:colcon.colcon_core.shell:Creating prefix chain script '/home/lamps-xe11/ros2_ws/install/setup.ps1'
[87.216s] INFO:colcon.colcon_core.shell:Creating prefix script '/home/lamps-xe11/ros2_ws/install/local_setup.sh'
[87.221s] INFO:colcon.colcon_core.shell:Creating prefix util module '/home/lamps-xe11/ros2_ws/install/_local_setup_util_sh.py'
[87.225s] INFO:colcon.colcon_core.shell:Creating prefix chain script '/home/lamps-xe11/ros2_ws/install/setup.sh'
[87.232s] INFO:colcon.colcon_core.shell:Creating prefix script '/home/lamps-xe11/ros2_ws/install/local_setup.bash'
[87.236s] INFO:colcon.colcon_core.shell:Creating prefix chain script '/home/lamps-xe11/ros2_ws/install/setup.bash'
[87.241s] INFO:colcon.colcon_core.shell:Creating prefix script '/home/lamps-xe11/ros2_ws/install/local_setup.zsh'
[87.247s] INFO:colcon.colcon_core.shell:Creating prefix chain script '/home/lamps-xe11/ros2_ws/install/setup.zsh'
