[35m[1mConsolidate compiler generated dependencies of target appsink1[0m
[ 12%] [32mBuilding CXX object CMakeFiles/appsink4.dir/src/appsink4.cpp.o[0m
[ 25%] [32mBuilding CXX object CMakeFiles/appsink2.dir/src/appsink2.cpp.o[0m
[ 37%] [32mBuilding CXX object CMakeFiles/appsink3.dir/src/appsink3.cpp.o[0m
[ 62%] Built target appsink1
[ 75%] [32m[1mLinking CXX executable appsink2[0m
[ 87%] [32m[1mLinking CXX executable appsink3[0m
[100%] [32m[1mLinking CXX executable appsink4[0m
[100%] Built target appsink2
[100%] Built target appsink3
[100%] Built target appsink4
-- Install configuration: ""
-- Up-to-date: /home/lamps-xe11/ros2_ws/install/two_camera/lib/two_camera/appsink1
-- Installing: /home/lamps-xe11/ros2_ws/install/two_camera/lib/two_camera/appsink2
-- Set runtime path of "/home/lamps-xe11/ros2_ws/install/two_camera/lib/two_camera/appsink2" to ""
-- Installing: /home/lamps-xe11/ros2_ws/install/two_camera/lib/two_camera/appsink3
-- Set runtime path of "/home/lamps-xe11/ros2_ws/install/two_camera/lib/two_camera/appsink3" to ""
-- Installing: /home/lamps-xe11/ros2_ws/install/two_camera/lib/two_camera/appsink4
-- Set runtime path of "/home/lamps-xe11/ros2_ws/install/two_camera/lib/two_camera/appsink4" to ""
-- Up-to-date: /home/lamps-xe11/ros2_ws/install/two_camera/share/two_camera//launch
-- Up-to-date: /home/lamps-xe11/ros2_ws/install/two_camera/share/ament_index/resource_index/package_run_dependencies/two_camera
-- Up-to-date: /home/lamps-xe11/ros2_ws/install/two_camera/share/ament_index/resource_index/parent_prefix_path/two_camera
-- Up-to-date: /home/lamps-xe11/ros2_ws/install/two_camera/share/two_camera/environment/ament_prefix_path.sh
-- Up-to-date: /home/lamps-xe11/ros2_ws/install/two_camera/share/two_camera/environment/ament_prefix_path.dsv
-- Up-to-date: /home/lamps-xe11/ros2_ws/install/two_camera/share/two_camera/environment/path.sh
-- Up-to-date: /home/lamps-xe11/ros2_ws/install/two_camera/share/two_camera/environment/path.dsv
-- Up-to-date: /home/lamps-xe11/ros2_ws/install/two_camera/share/two_camera/local_setup.bash
-- Up-to-date: /home/lamps-xe11/ros2_ws/install/two_camera/share/two_camera/local_setup.sh
-- Up-to-date: /home/lamps-xe11/ros2_ws/install/two_camera/share/two_camera/local_setup.zsh
-- Up-to-date: /home/lamps-xe11/ros2_ws/install/two_camera/share/two_camera/local_setup.dsv
-- Installing: /home/lamps-xe11/ros2_ws/install/two_camera/share/two_camera/package.dsv
-- Up-to-date: /home/lamps-xe11/ros2_ws/install/two_camera/share/ament_index/resource_index/packages/two_camera
-- Up-to-date: /home/lamps-xe11/ros2_ws/install/two_camera/share/two_camera/cmake/two_cameraConfig.cmake
-- Up-to-date: /home/lamps-xe11/ros2_ws/install/two_camera/share/two_camera/cmake/two_cameraConfig-version.cmake
-- Up-to-date: /home/lamps-xe11/ros2_ws/install/two_camera/share/two_camera/package.xml
