[0.076s] Invoking command in '/home/lamps-xe11/ros2_ws/build/two_camera': CMAKE_PREFIX_PATH=${CMAKE_PREFIX_PATH}:/opt/ros/humble /usr/bin/cmake --build /home/lamps-xe11/ros2_ws/build/two_camera -- -j4 -l4
[0.461s] [ 25%] Built target appsink3
[0.469s] [ 50%] Built target appsink2
[0.502s] [ 75%] Built target appsink4
[0.508s] [ 87%] [32mBuilding CXX object CMakeFiles/appsink1.dir/src/appsink1.cpp.o[0m
[34.648s] [100%] [32m[1mLinking CXX executable appsink1[0m
[45.499s] [100%] Built target appsink1
[45.550s] Invoked command in '/home/lamps-xe11/ros2_ws/build/two_camera' returned '0': CMAKE_PREFIX_PATH=${CMAKE_PREFIX_PATH}:/opt/ros/humble /usr/bin/cmake --build /home/lamps-xe11/ros2_ws/build/two_camera -- -j4 -l4
[45.813s] Invoking command in '/home/lamps-xe11/ros2_ws/build/two_camera': CMAKE_PREFIX_PATH=${CMAKE_PREFIX_PATH}:/opt/ros/humble /usr/bin/cmake --install /home/lamps-xe11/ros2_ws/build/two_camera
[45.848s] -- Install configuration: ""
[45.861s] -- Installing: /home/lamps-xe11/ros2_ws/install/two_camera/lib/two_camera/appsink1
[45.863s] -- Set runtime path of "/home/lamps-xe11/ros2_ws/install/two_camera/lib/two_camera/appsink1" to ""
[45.865s] -- Up-to-date: /home/lamps-xe11/ros2_ws/install/two_camera/lib/two_camera/appsink2
[45.868s] -- Up-to-date: /home/lamps-xe11/ros2_ws/install/two_camera/lib/two_camera/appsink3
[45.872s] -- Up-to-date: /home/lamps-xe11/ros2_ws/install/two_camera/lib/two_camera/appsink4
[45.873s] -- Up-to-date: /home/lamps-xe11/ros2_ws/install/two_camera/share/two_camera//launch
[45.874s] -- Up-to-date: /home/lamps-xe11/ros2_ws/install/two_camera/share/ament_index/resource_index/package_run_dependencies/two_camera
[45.877s] -- Up-to-date: /home/lamps-xe11/ros2_ws/install/two_camera/share/ament_index/resource_index/parent_prefix_path/two_camera
[45.879s] -- Up-to-date: /home/lamps-xe11/ros2_ws/install/two_camera/share/two_camera/environment/ament_prefix_path.sh
[45.881s] -- Up-to-date: /home/lamps-xe11/ros2_ws/install/two_camera/share/two_camera/environment/ament_prefix_path.dsv
[45.882s] -- Up-to-date: /home/lamps-xe11/ros2_ws/install/two_camera/share/two_camera/environment/path.sh
[45.882s] -- Up-to-date: /home/lamps-xe11/ros2_ws/install/two_camera/share/two_camera/environment/path.dsv
[45.883s] -- Up-to-date: /home/lamps-xe11/ros2_ws/install/two_camera/share/two_camera/local_setup.bash
[45.884s] -- Up-to-date: /home/lamps-xe11/ros2_ws/install/two_camera/share/two_camera/local_setup.sh
[45.885s] -- Up-to-date: /home/lamps-xe11/ros2_ws/install/two_camera/share/two_camera/local_setup.zsh
[45.886s] -- Up-to-date: /home/lamps-xe11/ros2_ws/install/two_camera/share/two_camera/local_setup.dsv
[45.887s] -- Installing: /home/lamps-xe11/ros2_ws/install/two_camera/share/two_camera/package.dsv
[45.887s] -- Up-to-date: /home/lamps-xe11/ros2_ws/install/two_camera/share/ament_index/resource_index/packages/two_camera
[45.888s] -- Up-to-date: /home/lamps-xe11/ros2_ws/install/two_camera/share/two_camera/cmake/two_cameraConfig.cmake
[45.889s] -- Up-to-date: /home/lamps-xe11/ros2_ws/install/two_camera/share/two_camera/cmake/two_cameraConfig-version.cmake
[45.890s] -- Up-to-date: /home/lamps-xe11/ros2_ws/install/two_camera/share/two_camera/package.xml
[45.894s] Invoked command in '/home/lamps-xe11/ros2_ws/build/two_camera' returned '0': CMAKE_PREFIX_PATH=${CMAKE_PREFIX_PATH}:/opt/ros/humble /usr/bin/cmake --install /home/lamps-xe11/ros2_ws/build/two_camera
