[0.072s] Invoking command in '/home/lamps-xe11/ros2_ws/build/two_camera': CMAKE_PREFIX_PATH=/opt/ros/humble /usr/bin/cmake /home/lamps-xe11/ros2_ws/src/two_camera -DCMAKE_INSTALL_PREFIX=/home/lamps-xe11/ros2_ws/install/two_camera
[0.122s] -- Found ament_cmake: 1.3.10 (/opt/ros/humble/share/ament_cmake/cmake)
[0.810s] -- Found rclcpp: 16.0.10 (/opt/ros/humble/share/rclcpp/cmake)
[1.015s] -- Found rosidl_generator_c: 3.1.5 (/opt/ros/humble/share/rosidl_generator_c/cmake)
[1.028s] -- Found rosidl_adapter: 3.1.5 (/opt/ros/humble/share/rosidl_adapter/cmake)
[1.057s] -- Found rosidl_generator_cpp: 3.1.5 (/opt/ros/humble/share/rosidl_generator_cpp/cmake)
[1.106s] -- Using all available rosidl_typesupport_c: rosidl_typesupport_fastrtps_c;rosidl_typesupport_introspection_c
[1.167s] -- Using all available rosidl_typesupport_cpp: rosidl_typesupport_fastrtps_cpp;rosidl_typesupport_introspection_cpp
[1.331s] -- Found rmw_implementation_cmake: 6.1.2 (/opt/ros/humble/share/rmw_implementation_cmake/cmake)
[1.338s] -- Found rmw_fastrtps_cpp: 6.2.7 (/opt/ros/humble/share/rmw_fastrtps_cpp/cmake)
[2.429s] -- Using RMW implementation 'rmw_fastrtps_cpp' as default
[2.666s] -- Found sensor_msgs: 4.2.4 (/opt/ros/humble/share/sensor_msgs/cmake)
[2.855s] -- Checking for module 'gtk+-3.0'
[2.867s] --   No package 'gtk+-3.0' found
[2.868s] [31mCMake Error at /usr/share/cmake-3.22/Modules/FindPkgConfig.cmake:603 (message):
[2.868s]   A required package was not found
[2.869s] Call Stack (most recent call first):
[2.869s]   /usr/share/cmake-3.22/Modules/FindPkgConfig.cmake:825 (_pkg_check_modules_internal)
[2.870s]   CMakeLists.txt:15 (pkg_check_modules)
[2.870s] 
[2.871s] [0m
[2.874s] -- Configuring incomplete, errors occurred!
[2.875s] See also "/home/lamps-xe11/ros2_ws/build/two_camera/CMakeFiles/CMakeOutput.log".
[2.906s] Invoked command in '/home/lamps-xe11/ros2_ws/build/two_camera' returned '1': CMAKE_PREFIX_PATH=/opt/ros/humble /usr/bin/cmake /home/lamps-xe11/ros2_ws/src/two_camera -DCMAKE_INSTALL_PREFIX=/home/lamps-xe11/ros2_ws/install/two_camera
